2022-03-26 14:27:46,793 WARN org.apache.hadoop.util.NativeCodeLoader: Unable to load native-hadoop library for your platform... using builtin-java classes where applicable
2022-03-26 14:27:47,374 INFO org.apache.hadoop.conf.Configuration.deprecation: session.id is deprecated. Instead, use dfs.metrics.session-id
2022-03-26 14:27:47,377 INFO org.apache.hadoop.metrics.jvm.JvmMetrics: Initializing JVM Metrics with processName=JobTracker, sessionId=
2022-03-26 14:27:48,051 WARN org.apache.hadoop.mapreduce.JobResourceUploader: No job jar file set.  User classes may not be found. See Job or Job#setJar(String).
2022-03-26 14:27:48,095 INFO org.apache.hadoop.mapreduce.lib.input.FileInputFormat: Total input paths to process : 2
2022-03-26 14:27:48,170 INFO org.apache.hadoop.mapreduce.JobSubmitter: number of splits:2
2022-03-26 14:27:48,415 INFO org.apache.hadoop.mapreduce.JobSubmitter: Submitting tokens for job: job_local87144648_0001
2022-03-26 14:27:48,864 INFO org.apache.hadoop.mapreduce.Job: The url to track the job: http://localhost:8080/
2022-03-26 14:27:48,866 INFO org.apache.hadoop.mapreduce.Job: Running job: job_local87144648_0001
2022-03-26 14:27:48,868 INFO org.apache.hadoop.mapred.LocalJobRunner: OutputCommitter set in config null
2022-03-26 14:27:48,896 INFO org.apache.hadoop.mapreduce.lib.output.FileOutputCommitter: File Output Committer Algorithm version is 1
2022-03-26 14:27:48,901 INFO org.apache.hadoop.mapred.LocalJobRunner: OutputCommitter is org.apache.hadoop.mapreduce.lib.output.FileOutputCommitter
2022-03-26 14:27:49,045 INFO org.apache.hadoop.mapred.LocalJobRunner: Waiting for map tasks
2022-03-26 14:27:49,046 INFO org.apache.hadoop.mapred.LocalJobRunner: Starting task: attempt_local87144648_0001_m_000000_0
2022-03-26 14:27:49,093 INFO org.apache.hadoop.mapreduce.lib.output.FileOutputCommitter: File Output Committer Algorithm version is 1
2022-03-26 14:27:49,103 INFO org.apache.hadoop.mapred.Task:  Using ResourceCalculatorProcessTree : [ ]
2022-03-26 14:27:49,107 INFO org.apache.hadoop.mapred.MapTask: Processing split: file:/home/cloudera/workspace/MapReduceQ41/pg100.txt:0+5589886
2022-03-26 14:27:49,204 INFO org.apache.hadoop.mapred.MapTask: (EQUATOR) 0 kvi 26214396(104857584)
2022-03-26 14:27:49,207 INFO org.apache.hadoop.mapred.MapTask: mapreduce.task.io.sort.mb: 100
2022-03-26 14:27:49,207 INFO org.apache.hadoop.mapred.MapTask: soft limit at 83886080
2022-03-26 14:27:49,207 INFO org.apache.hadoop.mapred.MapTask: bufstart = 0; bufvoid = 104857600
2022-03-26 14:27:49,208 INFO org.apache.hadoop.mapred.MapTask: kvstart = 26214396; length = 6553600
2022-03-26 14:27:49,211 INFO org.apache.hadoop.mapred.MapTask: Map output collector class = org.apache.hadoop.mapred.MapTask$MapOutputBuffer
2022-03-26 14:27:49,877 INFO org.apache.hadoop.mapreduce.Job: Job job_local87144648_0001 running in uber mode : false
2022-03-26 14:27:49,880 INFO org.apache.hadoop.mapreduce.Job:  map 0% reduce 0%
2022-03-26 14:27:50,580 INFO org.apache.hadoop.mapred.LocalJobRunner: 
2022-03-26 14:27:50,583 INFO org.apache.hadoop.mapred.MapTask: Starting flush of map output
2022-03-26 14:27:50,583 INFO org.apache.hadoop.mapred.MapTask: Spilling map output
2022-03-26 14:27:50,583 INFO org.apache.hadoop.mapred.MapTask: bufstart = 0; bufend = 8326751; bufvoid = 104857600
2022-03-26 14:27:50,583 INFO org.apache.hadoop.mapred.MapTask: kvstart = 26214396(104857584); kvend = 22599580(90398320); length = 3614817/6553600
2022-03-26 14:27:51,830 INFO org.apache.hadoop.mapred.MapTask: Finished spill 0
2022-03-26 14:27:51,834 INFO org.apache.hadoop.mapred.Task: Task:attempt_local87144648_0001_m_000000_0 is done. And is in the process of committing
2022-03-26 14:27:51,844 INFO org.apache.hadoop.mapred.LocalJobRunner: map
2022-03-26 14:27:51,844 INFO org.apache.hadoop.mapred.Task: Task 'attempt_local87144648_0001_m_000000_0' done.
2022-03-26 14:27:51,845 INFO org.apache.hadoop.mapred.LocalJobRunner: Finishing task: attempt_local87144648_0001_m_000000_0
2022-03-26 14:27:51,845 INFO org.apache.hadoop.mapred.LocalJobRunner: Starting task: attempt_local87144648_0001_m_000001_0
2022-03-26 14:27:51,846 INFO org.apache.hadoop.mapreduce.lib.output.FileOutputCommitter: File Output Committer Algorithm version is 1
2022-03-26 14:27:51,846 INFO org.apache.hadoop.mapred.Task:  Using ResourceCalculatorProcessTree : [ ]
2022-03-26 14:27:51,849 INFO org.apache.hadoop.mapred.MapTask: Processing split: file:/home/cloudera/workspace/MapReduceQ41/3399.txt:0+1799577
2022-03-26 14:27:51,886 INFO org.apache.hadoop.mapreduce.Job:  map 100% reduce 0%
2022-03-26 14:27:51,888 INFO org.apache.hadoop.mapred.MapTask: (EQUATOR) 0 kvi 26214396(104857584)
2022-03-26 14:27:51,888 INFO org.apache.hadoop.mapred.MapTask: mapreduce.task.io.sort.mb: 100
2022-03-26 14:27:51,888 INFO org.apache.hadoop.mapred.MapTask: soft limit at 83886080
2022-03-26 14:27:51,888 INFO org.apache.hadoop.mapred.MapTask: bufstart = 0; bufvoid = 104857600
2022-03-26 14:27:51,888 INFO org.apache.hadoop.mapred.MapTask: kvstart = 26214396; length = 6553600
2022-03-26 14:27:51,889 INFO org.apache.hadoop.mapred.MapTask: Map output collector class = org.apache.hadoop.mapred.MapTask$MapOutputBuffer
2022-03-26 14:27:52,124 INFO org.apache.hadoop.mapred.LocalJobRunner: 
2022-03-26 14:27:52,125 INFO org.apache.hadoop.mapred.MapTask: Starting flush of map output
2022-03-26 14:27:52,125 INFO org.apache.hadoop.mapred.MapTask: Spilling map output
2022-03-26 14:27:52,125 INFO org.apache.hadoop.mapred.MapTask: bufstart = 0; bufend = 3004388; bufvoid = 104857600
2022-03-26 14:27:52,125 INFO org.apache.hadoop.mapred.MapTask: kvstart = 26214396(104857584); kvend = 24924288(99697152); length = 1290109/6553600
2022-03-26 14:27:52,451 INFO org.apache.hadoop.mapred.MapTask: Finished spill 0
2022-03-26 14:27:52,453 INFO org.apache.hadoop.mapred.Task: Task:attempt_local87144648_0001_m_000001_0 is done. And is in the process of committing
2022-03-26 14:27:52,454 INFO org.apache.hadoop.mapred.LocalJobRunner: map
2022-03-26 14:27:52,455 INFO org.apache.hadoop.mapred.Task: Task 'attempt_local87144648_0001_m_000001_0' done.
2022-03-26 14:27:52,455 INFO org.apache.hadoop.mapred.LocalJobRunner: Finishing task: attempt_local87144648_0001_m_000001_0
2022-03-26 14:27:52,455 INFO org.apache.hadoop.mapred.LocalJobRunner: map task executor complete.
2022-03-26 14:27:52,459 INFO org.apache.hadoop.mapred.LocalJobRunner: Waiting for reduce tasks
2022-03-26 14:27:52,459 INFO org.apache.hadoop.mapred.LocalJobRunner: Starting task: attempt_local87144648_0001_r_000000_0
2022-03-26 14:27:52,466 INFO org.apache.hadoop.mapreduce.lib.output.FileOutputCommitter: File Output Committer Algorithm version is 1
2022-03-26 14:27:52,467 INFO org.apache.hadoop.mapred.Task:  Using ResourceCalculatorProcessTree : [ ]
2022-03-26 14:27:52,470 INFO org.apache.hadoop.mapred.ReduceTask: Using ShuffleConsumerPlugin: org.apache.hadoop.mapreduce.task.reduce.Shuffle@4493afae
2022-03-26 14:27:52,484 INFO org.apache.hadoop.mapreduce.task.reduce.MergeManagerImpl: MergerManager: memoryLimit=679778688, maxSingleShuffleLimit=169944672, mergeThreshold=448653952, ioSortFactor=10, memToMemMergeOutputsThreshold=10
2022-03-26 14:27:52,491 INFO org.apache.hadoop.mapreduce.task.reduce.EventFetcher: attempt_local87144648_0001_r_000000_0 Thread started: EventFetcher for fetching Map Completion Events
2022-03-26 14:27:52,525 INFO org.apache.hadoop.mapreduce.task.reduce.LocalFetcher: localfetcher#1 about to shuffle output of map attempt_local87144648_0001_m_000001_0 decomp: 3649446 len: 3649450 to MEMORY
2022-03-26 14:27:52,542 INFO org.apache.hadoop.mapreduce.task.reduce.InMemoryMapOutput: Read 3649446 bytes from map-output for attempt_local87144648_0001_m_000001_0
2022-03-26 14:27:52,544 INFO org.apache.hadoop.mapreduce.task.reduce.MergeManagerImpl: closeInMemoryFile -> map-output of size: 3649446, inMemoryMapOutputs.size() -> 1, commitMemory -> 0, usedMemory ->3649446
2022-03-26 14:27:52,554 INFO org.apache.hadoop.mapreduce.task.reduce.LocalFetcher: localfetcher#1 about to shuffle output of map attempt_local87144648_0001_m_000000_0 decomp: 10134163 len: 10134167 to MEMORY
2022-03-26 14:27:52,582 INFO org.apache.hadoop.mapreduce.task.reduce.InMemoryMapOutput: Read 10134163 bytes from map-output for attempt_local87144648_0001_m_000000_0
2022-03-26 14:27:52,582 INFO org.apache.hadoop.mapreduce.task.reduce.MergeManagerImpl: closeInMemoryFile -> map-output of size: 10134163, inMemoryMapOutputs.size() -> 2, commitMemory -> 3649446, usedMemory ->13783609
2022-03-26 14:27:52,583 INFO org.apache.hadoop.mapreduce.task.reduce.EventFetcher: EventFetcher is interrupted.. Returning
2022-03-26 14:27:52,584 INFO org.apache.hadoop.mapred.LocalJobRunner: 2 / 2 copied.
2022-03-26 14:27:52,584 INFO org.apache.hadoop.mapreduce.task.reduce.MergeManagerImpl: finalMerge called with 2 in-memory map-outputs and 0 on-disk map-outputs
2022-03-26 14:27:52,592 INFO org.apache.hadoop.mapred.Merger: Merging 2 sorted segments
2022-03-26 14:27:52,593 INFO org.apache.hadoop.mapred.Merger: Down to the last merge-pass, with 2 segments left of total size: 13783599 bytes
2022-03-26 14:27:53,329 INFO org.apache.hadoop.mapreduce.task.reduce.MergeManagerImpl: Merged 2 segments, 13783609 bytes to disk to satisfy reduce memory limit
2022-03-26 14:27:53,331 INFO org.apache.hadoop.mapreduce.task.reduce.MergeManagerImpl: Merging 1 files, 13783611 bytes from disk
2022-03-26 14:27:53,332 INFO org.apache.hadoop.mapreduce.task.reduce.MergeManagerImpl: Merging 0 segments, 0 bytes from memory into reduce
2022-03-26 14:27:53,333 INFO org.apache.hadoop.mapred.Merger: Merging 1 sorted segments
2022-03-26 14:27:53,333 INFO org.apache.hadoop.mapred.Merger: Down to the last merge-pass, with 1 segments left of total size: 13783602 bytes
2022-03-26 14:27:53,334 INFO org.apache.hadoop.mapred.LocalJobRunner: 2 / 2 copied.
2022-03-26 14:27:53,342 INFO org.apache.hadoop.conf.Configuration.deprecation: mapred.skip.on is deprecated. Instead, use mapreduce.job.skiprecords
2022-03-26 14:27:54,289 INFO org.apache.hadoop.mapred.Task: Task:attempt_local87144648_0001_r_000000_0 is done. And is in the process of committing
2022-03-26 14:27:54,295 INFO org.apache.hadoop.mapred.LocalJobRunner: 2 / 2 copied.
2022-03-26 14:27:54,296 INFO org.apache.hadoop.mapred.Task: Task attempt_local87144648_0001_r_000000_0 is allowed to commit now
2022-03-26 14:27:54,297 INFO org.apache.hadoop.mapreduce.lib.output.FileOutputCommitter: Saved output of task 'attempt_local87144648_0001_r_000000_0' to file:/home/cloudera/workspace/MapReduceQ41/output1/_temporary/0/task_local87144648_0001_r_000000
2022-03-26 14:27:54,299 INFO org.apache.hadoop.mapred.LocalJobRunner: reduce > reduce
2022-03-26 14:27:54,303 INFO org.apache.hadoop.mapred.Task: Task 'attempt_local87144648_0001_r_000000_0' done.
2022-03-26 14:27:54,303 INFO org.apache.hadoop.mapred.LocalJobRunner: Finishing task: attempt_local87144648_0001_r_000000_0
2022-03-26 14:27:54,303 INFO org.apache.hadoop.mapred.LocalJobRunner: reduce task executor complete.
2022-03-26 14:27:54,888 INFO org.apache.hadoop.mapreduce.Job:  map 100% reduce 100%
2022-03-26 14:27:54,888 INFO org.apache.hadoop.mapreduce.Job: Job job_local87144648_0001 completed successfully
2022-03-26 14:27:54,900 INFO org.apache.hadoop.mapreduce.Job: Counters: 33
	File System Counters
		FILE: Number of bytes read=47937526
		FILE: Number of bytes written=52691064
		FILE: Number of read operations=0
		FILE: Number of large read operations=0
		FILE: Number of write operations=0
	Map-Reduce Framework
		Map input records=154772
		Map output records=1226233
		Map output bytes=11331139
		Map output materialized bytes=13783617
		Input split bytes=233
		Combine input records=0
		Combine output records=0
		Reduce input groups=37858
		Reduce shuffle bytes=13783617
		Reduce input records=1226233
		Reduce output records=37858
		Spilled Records=2452466
		Shuffled Maps =2
		Failed Shuffles=0
		Merged Map outputs=2
		GC time elapsed (ms)=78
		CPU time spent (ms)=0
		Physical memory (bytes) snapshot=0
		Virtual memory (bytes) snapshot=0
		Total committed heap usage (bytes)=591212544
	Shuffle Errors
		BAD_ID=0
		CONNECTION=0
		IO_ERROR=0
		WRONG_LENGTH=0
		WRONG_MAP=0
		WRONG_REDUCE=0
	File Input Format Counters 
		Bytes Read=7389463
	File Output Format Counters 
		Bytes Written=418698
2022-03-26 17:43:24,456 WARN org.apache.hadoop.util.NativeCodeLoader: Unable to load native-hadoop library for your platform... using builtin-java classes where applicable
2022-03-26 17:43:25,109 INFO org.apache.hadoop.conf.Configuration.deprecation: session.id is deprecated. Instead, use dfs.metrics.session-id
2022-03-26 17:43:25,110 INFO org.apache.hadoop.metrics.jvm.JvmMetrics: Initializing JVM Metrics with processName=JobTracker, sessionId=
2022-03-26 17:43:25,678 WARN org.apache.hadoop.mapreduce.JobResourceUploader: No job jar file set.  User classes may not be found. See Job or Job#setJar(String).
2022-03-26 17:43:25,709 INFO org.apache.hadoop.mapreduce.lib.input.FileInputFormat: Total input paths to process : 1
2022-03-26 17:43:25,861 INFO org.apache.hadoop.mapreduce.JobSubmitter: number of splits:1
2022-03-26 17:43:26,195 INFO org.apache.hadoop.mapreduce.JobSubmitter: Submitting tokens for job: job_local1010086306_0001
2022-03-26 17:43:26,687 INFO org.apache.hadoop.mapreduce.Job: The url to track the job: http://localhost:8080/
2022-03-26 17:43:26,688 INFO org.apache.hadoop.mapreduce.Job: Running job: job_local1010086306_0001
2022-03-26 17:43:26,696 INFO org.apache.hadoop.mapred.LocalJobRunner: OutputCommitter set in config null
2022-03-26 17:43:26,710 INFO org.apache.hadoop.mapreduce.lib.output.FileOutputCommitter: File Output Committer Algorithm version is 1
2022-03-26 17:43:26,715 INFO org.apache.hadoop.mapred.LocalJobRunner: OutputCommitter is org.apache.hadoop.mapreduce.lib.output.FileOutputCommitter
2022-03-26 17:43:26,875 INFO org.apache.hadoop.mapred.LocalJobRunner: Waiting for map tasks
2022-03-26 17:43:26,876 INFO org.apache.hadoop.mapred.LocalJobRunner: Starting task: attempt_local1010086306_0001_m_000000_0
2022-03-26 17:43:26,963 INFO org.apache.hadoop.mapreduce.lib.output.FileOutputCommitter: File Output Committer Algorithm version is 1
2022-03-26 17:43:26,998 INFO org.apache.hadoop.mapred.Task:  Using ResourceCalculatorProcessTree : [ ]
2022-03-26 17:43:27,001 INFO org.apache.hadoop.mapred.MapTask: Processing split: file:/home/cloudera/workspace/MapReduceQ41/pg100.txt:0+5589886
2022-03-26 17:43:27,139 INFO org.apache.hadoop.mapred.MapTask: (EQUATOR) 0 kvi 26214396(104857584)
2022-03-26 17:43:27,141 INFO org.apache.hadoop.mapred.MapTask: mapreduce.task.io.sort.mb: 100
2022-03-26 17:43:27,141 INFO org.apache.hadoop.mapred.MapTask: soft limit at 83886080
2022-03-26 17:43:27,142 INFO org.apache.hadoop.mapred.MapTask: bufstart = 0; bufvoid = 104857600
2022-03-26 17:43:27,142 INFO org.apache.hadoop.mapred.MapTask: kvstart = 26214396; length = 6553600
2022-03-26 17:43:27,152 INFO org.apache.hadoop.mapred.MapTask: Map output collector class = org.apache.hadoop.mapred.MapTask$MapOutputBuffer
2022-03-26 17:43:27,689 INFO org.apache.hadoop.mapreduce.Job: Job job_local1010086306_0001 running in uber mode : false
2022-03-26 17:43:27,693 INFO org.apache.hadoop.mapreduce.Job:  map 0% reduce 0%
2022-03-26 17:43:29,096 INFO org.apache.hadoop.mapred.LocalJobRunner: 
2022-03-26 17:43:29,100 INFO org.apache.hadoop.mapred.MapTask: Starting flush of map output
2022-03-26 17:43:29,100 INFO org.apache.hadoop.mapred.MapTask: Spilling map output
2022-03-26 17:43:29,100 INFO org.apache.hadoop.mapred.MapTask: bufstart = 0; bufend = 5442110; bufvoid = 104857600
2022-03-26 17:43:29,100 INFO org.apache.hadoop.mapred.MapTask: kvstart = 26214396(104857584); kvend = 22599580(90398320); length = 3614817/6553600
2022-03-26 17:43:30,411 INFO org.apache.hadoop.mapred.MapTask: Finished spill 0
2022-03-26 17:43:30,416 INFO org.apache.hadoop.mapred.Task: Task:attempt_local1010086306_0001_m_000000_0 is done. And is in the process of committing
2022-03-26 17:43:30,433 INFO org.apache.hadoop.mapred.LocalJobRunner: map
2022-03-26 17:43:30,435 INFO org.apache.hadoop.mapred.Task: Task 'attempt_local1010086306_0001_m_000000_0' done.
2022-03-26 17:43:30,436 INFO org.apache.hadoop.mapred.LocalJobRunner: Finishing task: attempt_local1010086306_0001_m_000000_0
2022-03-26 17:43:30,436 INFO org.apache.hadoop.mapred.LocalJobRunner: map task executor complete.
2022-03-26 17:43:30,444 INFO org.apache.hadoop.mapred.LocalJobRunner: Waiting for reduce tasks
2022-03-26 17:43:30,444 INFO org.apache.hadoop.mapred.LocalJobRunner: Starting task: attempt_local1010086306_0001_r_000000_0
2022-03-26 17:43:30,462 INFO org.apache.hadoop.mapreduce.lib.output.FileOutputCommitter: File Output Committer Algorithm version is 1
2022-03-26 17:43:30,462 INFO org.apache.hadoop.mapred.Task:  Using ResourceCalculatorProcessTree : [ ]
2022-03-26 17:43:30,466 INFO org.apache.hadoop.mapred.ReduceTask: Using ShuffleConsumerPlugin: org.apache.hadoop.mapreduce.task.reduce.Shuffle@4efdd8b
2022-03-26 17:43:30,489 INFO org.apache.hadoop.mapreduce.task.reduce.MergeManagerImpl: MergerManager: memoryLimit=679778688, maxSingleShuffleLimit=169944672, mergeThreshold=448653952, ioSortFactor=10, memToMemMergeOutputsThreshold=10
2022-03-26 17:43:30,508 INFO org.apache.hadoop.mapreduce.task.reduce.EventFetcher: attempt_local1010086306_0001_r_000000_0 Thread started: EventFetcher for fetching Map Completion Events
2022-03-26 17:43:30,563 INFO org.apache.hadoop.mapreduce.task.reduce.LocalFetcher: localfetcher#1 about to shuffle output of map attempt_local1010086306_0001_m_000000_0 decomp: 7249522 len: 7249526 to MEMORY
2022-03-26 17:43:30,601 INFO org.apache.hadoop.mapreduce.task.reduce.InMemoryMapOutput: Read 7249522 bytes from map-output for attempt_local1010086306_0001_m_000000_0
2022-03-26 17:43:30,606 INFO org.apache.hadoop.mapreduce.task.reduce.MergeManagerImpl: closeInMemoryFile -> map-output of size: 7249522, inMemoryMapOutputs.size() -> 1, commitMemory -> 0, usedMemory ->7249522
2022-03-26 17:43:30,612 INFO org.apache.hadoop.mapreduce.task.reduce.EventFetcher: EventFetcher is interrupted.. Returning
2022-03-26 17:43:30,613 INFO org.apache.hadoop.mapred.LocalJobRunner: 1 / 1 copied.
2022-03-26 17:43:30,613 INFO org.apache.hadoop.mapreduce.task.reduce.MergeManagerImpl: finalMerge called with 1 in-memory map-outputs and 0 on-disk map-outputs
2022-03-26 17:43:30,628 INFO org.apache.hadoop.mapred.Merger: Merging 1 sorted segments
2022-03-26 17:43:30,632 INFO org.apache.hadoop.mapred.Merger: Down to the last merge-pass, with 1 segments left of total size: 7249518 bytes
2022-03-26 17:43:30,695 INFO org.apache.hadoop.mapreduce.Job:  map 100% reduce 0%
2022-03-26 17:43:31,507 INFO org.apache.hadoop.mapreduce.task.reduce.MergeManagerImpl: Merged 1 segments, 7249522 bytes to disk to satisfy reduce memory limit
2022-03-26 17:43:31,512 INFO org.apache.hadoop.mapreduce.task.reduce.MergeManagerImpl: Merging 1 files, 7249526 bytes from disk
2022-03-26 17:43:31,512 INFO org.apache.hadoop.mapreduce.task.reduce.MergeManagerImpl: Merging 0 segments, 0 bytes from memory into reduce
2022-03-26 17:43:31,512 INFO org.apache.hadoop.mapred.Merger: Merging 1 sorted segments
2022-03-26 17:43:31,513 INFO org.apache.hadoop.mapred.Merger: Down to the last merge-pass, with 1 segments left of total size: 7249518 bytes
2022-03-26 17:43:31,513 INFO org.apache.hadoop.mapred.LocalJobRunner: 1 / 1 copied.
2022-03-26 17:43:31,540 INFO org.apache.hadoop.conf.Configuration.deprecation: mapred.skip.on is deprecated. Instead, use mapreduce.job.skiprecords
2022-03-26 17:43:32,533 INFO org.apache.hadoop.mapred.Task: Task:attempt_local1010086306_0001_r_000000_0 is done. And is in the process of committing
2022-03-26 17:43:32,546 INFO org.apache.hadoop.mapred.LocalJobRunner: 1 / 1 copied.
2022-03-26 17:43:32,546 INFO org.apache.hadoop.mapred.Task: Task attempt_local1010086306_0001_r_000000_0 is allowed to commit now
2022-03-26 17:43:32,548 INFO org.apache.hadoop.mapreduce.lib.output.FileOutputCommitter: Saved output of task 'attempt_local1010086306_0001_r_000000_0' to file:/home/cloudera/workspace/MapReduceQ41/output1/_temporary/0/task_local1010086306_0001_r_000000
2022-03-26 17:43:32,550 INFO org.apache.hadoop.mapred.LocalJobRunner: reduce > reduce
2022-03-26 17:43:32,552 INFO org.apache.hadoop.mapred.Task: Task 'attempt_local1010086306_0001_r_000000_0' done.
2022-03-26 17:43:32,553 INFO org.apache.hadoop.mapred.LocalJobRunner: Finishing task: attempt_local1010086306_0001_r_000000_0
2022-03-26 17:43:32,553 INFO org.apache.hadoop.mapred.LocalJobRunner: reduce task executor complete.
2022-03-26 17:43:32,696 INFO org.apache.hadoop.mapreduce.Job:  map 100% reduce 100%
2022-03-26 17:43:32,696 INFO org.apache.hadoop.mapreduce.Job: Job job_local1010086306_0001 completed successfully
2022-03-26 17:43:32,716 INFO org.apache.hadoop.mapreduce.Job: Counters: 33
	File System Counters
		FILE: Number of bytes read=25679204
		FILE: Number of bytes written=22278776
		FILE: Number of read operations=0
		FILE: Number of large read operations=0
		FILE: Number of write operations=0
	Map-Reduce Framework
		Map input records=124787
		Map output records=903705
		Map output bytes=5442110
		Map output materialized bytes=7249526
		Input split bytes=117
		Combine input records=0
		Combine output records=0
		Reduce input groups=28
		Reduce shuffle bytes=7249526
		Reduce input records=903705
		Reduce output records=28
		Spilled Records=1807410
		Shuffled Maps =1
		Failed Shuffles=0
		Merged Map outputs=1
		GC time elapsed (ms)=68
		CPU time spent (ms)=0
		Physical memory (bytes) snapshot=0
		Virtual memory (bytes) snapshot=0
		Total committed heap usage (bytes)=331227136
	Shuffle Errors
		BAD_ID=0
		CONNECTION=0
		IO_ERROR=0
		WRONG_LENGTH=0
		WRONG_MAP=0
		WRONG_REDUCE=0
	File Input Format Counters 
		Bytes Read=5589886
	File Output Format Counters 
		Bytes Written=202
2022-03-26 17:44:02,770 WARN org.apache.hadoop.util.NativeCodeLoader: Unable to load native-hadoop library for your platform... using builtin-java classes where applicable
2022-03-26 17:44:03,452 INFO org.apache.hadoop.conf.Configuration.deprecation: session.id is deprecated. Instead, use dfs.metrics.session-id
2022-03-26 17:44:03,453 INFO org.apache.hadoop.metrics.jvm.JvmMetrics: Initializing JVM Metrics with processName=JobTracker, sessionId=
2022-03-26 17:44:03,521 WARN org.apache.hadoop.security.UserGroupInformation: PriviledgedActionException as:cloudera (auth:SIMPLE) cause:org.apache.hadoop.mapred.FileAlreadyExistsException: Output directory file:/home/cloudera/workspace/MapReduceQ41/output1 already exists
2022-03-26 17:44:30,394 WARN org.apache.hadoop.util.NativeCodeLoader: Unable to load native-hadoop library for your platform... using builtin-java classes where applicable
2022-03-26 17:44:31,028 INFO org.apache.hadoop.conf.Configuration.deprecation: session.id is deprecated. Instead, use dfs.metrics.session-id
2022-03-26 17:44:31,036 INFO org.apache.hadoop.metrics.jvm.JvmMetrics: Initializing JVM Metrics with processName=JobTracker, sessionId=
2022-03-26 17:44:31,618 WARN org.apache.hadoop.mapreduce.JobResourceUploader: No job jar file set.  User classes may not be found. See Job or Job#setJar(String).
2022-03-26 17:44:31,636 INFO org.apache.hadoop.mapreduce.lib.input.FileInputFormat: Total input paths to process : 1
2022-03-26 17:44:31,795 INFO org.apache.hadoop.mapreduce.JobSubmitter: number of splits:1
2022-03-26 17:44:32,116 INFO org.apache.hadoop.mapreduce.JobSubmitter: Submitting tokens for job: job_local292692306_0001
2022-03-26 17:44:32,590 INFO org.apache.hadoop.mapreduce.Job: The url to track the job: http://localhost:8080/
2022-03-26 17:44:32,591 INFO org.apache.hadoop.mapreduce.Job: Running job: job_local292692306_0001
2022-03-26 17:44:32,598 INFO org.apache.hadoop.mapred.LocalJobRunner: OutputCommitter set in config null
2022-03-26 17:44:32,612 INFO org.apache.hadoop.mapreduce.lib.output.FileOutputCommitter: File Output Committer Algorithm version is 1
2022-03-26 17:44:32,615 INFO org.apache.hadoop.mapred.LocalJobRunner: OutputCommitter is org.apache.hadoop.mapreduce.lib.output.FileOutputCommitter
2022-03-26 17:44:32,760 INFO org.apache.hadoop.mapred.LocalJobRunner: Waiting for map tasks
2022-03-26 17:44:32,761 INFO org.apache.hadoop.mapred.LocalJobRunner: Starting task: attempt_local292692306_0001_m_000000_0
2022-03-26 17:44:32,828 INFO org.apache.hadoop.mapreduce.lib.output.FileOutputCommitter: File Output Committer Algorithm version is 1
2022-03-26 17:44:32,858 INFO org.apache.hadoop.mapred.Task:  Using ResourceCalculatorProcessTree : [ ]
2022-03-26 17:44:32,864 INFO org.apache.hadoop.mapred.MapTask: Processing split: file:/home/cloudera/workspace/MapReduceQ41/3399.txt:0+1799577
2022-03-26 17:44:33,007 INFO org.apache.hadoop.mapred.MapTask: (EQUATOR) 0 kvi 26214396(104857584)
2022-03-26 17:44:33,009 INFO org.apache.hadoop.mapred.MapTask: mapreduce.task.io.sort.mb: 100
2022-03-26 17:44:33,009 INFO org.apache.hadoop.mapred.MapTask: soft limit at 83886080
2022-03-26 17:44:33,009 INFO org.apache.hadoop.mapred.MapTask: bufstart = 0; bufvoid = 104857600
2022-03-26 17:44:33,009 INFO org.apache.hadoop.mapred.MapTask: kvstart = 26214396; length = 6553600
2022-03-26 17:44:33,020 INFO org.apache.hadoop.mapred.MapTask: Map output collector class = org.apache.hadoop.mapred.MapTask$MapOutputBuffer
2022-03-26 17:44:33,611 INFO org.apache.hadoop.mapreduce.Job: Job job_local292692306_0001 running in uber mode : false
2022-03-26 17:44:33,612 INFO org.apache.hadoop.mapreduce.Job:  map 0% reduce 0%
2022-03-26 17:44:34,307 INFO org.apache.hadoop.mapred.LocalJobRunner: 
2022-03-26 17:44:34,310 INFO org.apache.hadoop.mapred.MapTask: Starting flush of map output
2022-03-26 17:44:34,310 INFO org.apache.hadoop.mapred.MapTask: Spilling map output
2022-03-26 17:44:34,310 INFO org.apache.hadoop.mapred.MapTask: bufstart = 0; bufend = 1948644; bufvoid = 104857600
2022-03-26 17:44:34,310 INFO org.apache.hadoop.mapred.MapTask: kvstart = 26214396(104857584); kvend = 24924288(99697152); length = 1290109/6553600
2022-03-26 17:44:35,008 INFO org.apache.hadoop.mapred.MapTask: Finished spill 0
2022-03-26 17:44:35,016 INFO org.apache.hadoop.mapred.Task: Task:attempt_local292692306_0001_m_000000_0 is done. And is in the process of committing
2022-03-26 17:44:35,035 INFO org.apache.hadoop.mapred.LocalJobRunner: map
2022-03-26 17:44:35,038 INFO org.apache.hadoop.mapred.Task: Task 'attempt_local292692306_0001_m_000000_0' done.
2022-03-26 17:44:35,038 INFO org.apache.hadoop.mapred.LocalJobRunner: Finishing task: attempt_local292692306_0001_m_000000_0
2022-03-26 17:44:35,038 INFO org.apache.hadoop.mapred.LocalJobRunner: map task executor complete.
2022-03-26 17:44:35,048 INFO org.apache.hadoop.mapred.LocalJobRunner: Waiting for reduce tasks
2022-03-26 17:44:35,049 INFO org.apache.hadoop.mapred.LocalJobRunner: Starting task: attempt_local292692306_0001_r_000000_0
2022-03-26 17:44:35,065 INFO org.apache.hadoop.mapreduce.lib.output.FileOutputCommitter: File Output Committer Algorithm version is 1
2022-03-26 17:44:35,066 INFO org.apache.hadoop.mapred.Task:  Using ResourceCalculatorProcessTree : [ ]
2022-03-26 17:44:35,069 INFO org.apache.hadoop.mapred.ReduceTask: Using ShuffleConsumerPlugin: org.apache.hadoop.mapreduce.task.reduce.Shuffle@638c7ceb
2022-03-26 17:44:35,093 INFO org.apache.hadoop.mapreduce.task.reduce.MergeManagerImpl: MergerManager: memoryLimit=679778688, maxSingleShuffleLimit=169944672, mergeThreshold=448653952, ioSortFactor=10, memToMemMergeOutputsThreshold=10
2022-03-26 17:44:35,108 INFO org.apache.hadoop.mapreduce.task.reduce.EventFetcher: attempt_local292692306_0001_r_000000_0 Thread started: EventFetcher for fetching Map Completion Events
2022-03-26 17:44:35,160 INFO org.apache.hadoop.mapreduce.task.reduce.LocalFetcher: localfetcher#1 about to shuffle output of map attempt_local292692306_0001_m_000000_0 decomp: 2593702 len: 2593706 to MEMORY
2022-03-26 17:44:35,181 INFO org.apache.hadoop.mapreduce.task.reduce.InMemoryMapOutput: Read 2593702 bytes from map-output for attempt_local292692306_0001_m_000000_0
2022-03-26 17:44:35,185 INFO org.apache.hadoop.mapreduce.task.reduce.MergeManagerImpl: closeInMemoryFile -> map-output of size: 2593702, inMemoryMapOutputs.size() -> 1, commitMemory -> 0, usedMemory ->2593702
2022-03-26 17:44:35,191 INFO org.apache.hadoop.mapreduce.task.reduce.EventFetcher: EventFetcher is interrupted.. Returning
2022-03-26 17:44:35,192 INFO org.apache.hadoop.mapred.LocalJobRunner: 1 / 1 copied.
2022-03-26 17:44:35,192 INFO org.apache.hadoop.mapreduce.task.reduce.MergeManagerImpl: finalMerge called with 1 in-memory map-outputs and 0 on-disk map-outputs
2022-03-26 17:44:35,202 INFO org.apache.hadoop.mapred.Merger: Merging 1 sorted segments
2022-03-26 17:44:35,203 INFO org.apache.hadoop.mapred.Merger: Down to the last merge-pass, with 1 segments left of total size: 2593698 bytes
2022-03-26 17:44:35,615 INFO org.apache.hadoop.mapreduce.Job:  map 100% reduce 0%
2022-03-26 17:44:35,629 INFO org.apache.hadoop.mapreduce.task.reduce.MergeManagerImpl: Merged 1 segments, 2593702 bytes to disk to satisfy reduce memory limit
2022-03-26 17:44:35,630 INFO org.apache.hadoop.mapreduce.task.reduce.MergeManagerImpl: Merging 1 files, 2593706 bytes from disk
2022-03-26 17:44:35,631 INFO org.apache.hadoop.mapreduce.task.reduce.MergeManagerImpl: Merging 0 segments, 0 bytes from memory into reduce
2022-03-26 17:44:35,632 INFO org.apache.hadoop.mapred.Merger: Merging 1 sorted segments
2022-03-26 17:44:35,633 INFO org.apache.hadoop.mapred.Merger: Down to the last merge-pass, with 1 segments left of total size: 2593698 bytes
2022-03-26 17:44:35,634 INFO org.apache.hadoop.mapred.LocalJobRunner: 1 / 1 copied.
2022-03-26 17:44:35,653 INFO org.apache.hadoop.conf.Configuration.deprecation: mapred.skip.on is deprecated. Instead, use mapreduce.job.skiprecords
2022-03-26 17:44:36,201 INFO org.apache.hadoop.mapred.Task: Task:attempt_local292692306_0001_r_000000_0 is done. And is in the process of committing
2022-03-26 17:44:36,209 INFO org.apache.hadoop.mapred.LocalJobRunner: 1 / 1 copied.
2022-03-26 17:44:36,210 INFO org.apache.hadoop.mapred.Task: Task attempt_local292692306_0001_r_000000_0 is allowed to commit now
2022-03-26 17:44:36,212 INFO org.apache.hadoop.mapreduce.lib.output.FileOutputCommitter: Saved output of task 'attempt_local292692306_0001_r_000000_0' to file:/home/cloudera/workspace/MapReduceQ41/output2/_temporary/0/task_local292692306_0001_r_000000
2022-03-26 17:44:36,214 INFO org.apache.hadoop.mapred.LocalJobRunner: reduce > reduce
2022-03-26 17:44:36,215 INFO org.apache.hadoop.mapred.Task: Task 'attempt_local292692306_0001_r_000000_0' done.
2022-03-26 17:44:36,216 INFO org.apache.hadoop.mapred.LocalJobRunner: Finishing task: attempt_local292692306_0001_r_000000_0
2022-03-26 17:44:36,216 INFO org.apache.hadoop.mapred.LocalJobRunner: reduce task executor complete.
2022-03-26 17:44:36,615 INFO org.apache.hadoop.mapreduce.Job:  map 100% reduce 100%
2022-03-26 17:44:36,616 INFO org.apache.hadoop.mapreduce.Job: Job job_local292692306_0001 completed successfully
2022-03-26 17:44:36,628 INFO org.apache.hadoop.mapreduce.Job: Counters: 33
	File System Counters
		FILE: Number of bytes read=8786944
		FILE: Number of bytes written=8308486
		FILE: Number of read operations=0
		FILE: Number of large read operations=0
		FILE: Number of write operations=0
	Map-Reduce Framework
		Map input records=29985
		Map output records=322528
		Map output bytes=1948644
		Map output materialized bytes=2593706
		Input split bytes=116
		Combine input records=0
		Combine output records=0
		Reduce input groups=26
		Reduce shuffle bytes=2593706
		Reduce input records=322528
		Reduce output records=26
		Spilled Records=645056
		Shuffled Maps =1
		Failed Shuffles=0
		Merged Map outputs=1
		GC time elapsed (ms)=55
		CPU time spent (ms)=0
		Physical memory (bytes) snapshot=0
		Virtual memory (bytes) snapshot=0
		Total committed heap usage (bytes)=331227136
	Shuffle Errors
		BAD_ID=0
		CONNECTION=0
		IO_ERROR=0
		WRONG_LENGTH=0
		WRONG_MAP=0
		WRONG_REDUCE=0
	File Input Format Counters 
		Bytes Read=1799577
	File Output Format Counters 
		Bytes Written=186
