2022-03-26 20:53:09,918 WARN org.apache.hadoop.util.NativeCodeLoader: Unable to load native-hadoop library for your platform... using builtin-java classes where applicable
2022-03-26 20:53:11,203 INFO org.apache.hadoop.conf.Configuration.deprecation: session.id is deprecated. Instead, use dfs.metrics.session-id
2022-03-26 20:53:11,209 INFO org.apache.hadoop.metrics.jvm.JvmMetrics: Initializing JVM Metrics with processName=JobTracker, sessionId=
2022-03-26 20:53:12,540 WARN org.apache.hadoop.mapreduce.JobResourceUploader: No job jar file set.  User classes may not be found. See Job or Job#setJar(String).
2022-03-26 20:53:12,597 INFO org.apache.hadoop.mapreduce.lib.input.FileInputFormat: Total input paths to process : 1
2022-03-26 20:53:12,782 INFO org.apache.hadoop.mapreduce.JobSubmitter: number of splits:1
2022-03-26 20:53:13,371 INFO org.apache.hadoop.mapreduce.JobSubmitter: Submitting tokens for job: job_local254567658_0001
2022-03-26 20:53:14,477 INFO org.apache.hadoop.mapreduce.Job: The url to track the job: http://localhost:8080/
2022-03-26 20:53:14,485 INFO org.apache.hadoop.mapreduce.Job: Running job: job_local254567658_0001
2022-03-26 20:53:14,504 INFO org.apache.hadoop.mapred.LocalJobRunner: OutputCommitter set in config null
2022-03-26 20:53:14,546 INFO org.apache.hadoop.mapreduce.lib.output.FileOutputCommitter: File Output Committer Algorithm version is 1
2022-03-26 20:53:14,566 INFO org.apache.hadoop.mapred.LocalJobRunner: OutputCommitter is org.apache.hadoop.mapreduce.lib.output.FileOutputCommitter
2022-03-26 20:53:14,863 INFO org.apache.hadoop.mapred.LocalJobRunner: Waiting for map tasks
2022-03-26 20:53:14,866 INFO org.apache.hadoop.mapred.LocalJobRunner: Starting task: attempt_local254567658_0001_m_000000_0
2022-03-26 20:53:14,990 INFO org.apache.hadoop.mapreduce.lib.output.FileOutputCommitter: File Output Committer Algorithm version is 1
2022-03-26 20:53:15,038 INFO org.apache.hadoop.mapred.Task:  Using ResourceCalculatorProcessTree : [ ]
2022-03-26 20:53:15,051 INFO org.apache.hadoop.mapred.MapTask: Processing split: file:/home/cloudera/workspace/MapReduceQ42/pg100.txt:0+5589886
2022-03-26 20:53:15,389 INFO org.apache.hadoop.mapred.MapTask: (EQUATOR) 0 kvi 26214396(104857584)
2022-03-26 20:53:15,395 INFO org.apache.hadoop.mapred.MapTask: mapreduce.task.io.sort.mb: 100
2022-03-26 20:53:15,396 INFO org.apache.hadoop.mapred.MapTask: soft limit at 83886080
2022-03-26 20:53:15,396 INFO org.apache.hadoop.mapred.MapTask: bufstart = 0; bufvoid = 104857600
2022-03-26 20:53:15,396 INFO org.apache.hadoop.mapred.MapTask: kvstart = 26214396; length = 6553600
2022-03-26 20:53:15,419 INFO org.apache.hadoop.mapred.MapTask: Map output collector class = org.apache.hadoop.mapred.MapTask$MapOutputBuffer
2022-03-26 20:53:15,445 INFO org.apache.hadoop.mapred.MapTask: Starting flush of map output
2022-03-26 20:53:15,449 INFO org.apache.hadoop.mapred.MapTask: Spilling map output
2022-03-26 20:53:15,450 INFO org.apache.hadoop.mapred.MapTask: bufstart = 0; bufend = 52; bufvoid = 104857600
2022-03-26 20:53:15,450 INFO org.apache.hadoop.mapred.MapTask: kvstart = 26214396(104857584); kvend = 26214384(104857536); length = 13/6553600
2022-03-26 20:53:15,498 INFO org.apache.hadoop.mapred.MapTask: Finished spill 0
2022-03-26 20:53:15,504 INFO org.apache.hadoop.mapreduce.Job: Job job_local254567658_0001 running in uber mode : false
2022-03-26 20:53:15,506 INFO org.apache.hadoop.mapreduce.Job:  map 0% reduce 0%
2022-03-26 20:53:15,537 INFO org.apache.hadoop.mapred.LocalJobRunner: map task executor complete.
2022-03-26 20:53:15,636 WARN org.apache.hadoop.mapred.LocalJobRunner: job_local254567658_0001
java.lang.Exception: java.util.NoSuchElementException
	at org.apache.hadoop.mapred.LocalJobRunner$Job.runTasks(LocalJobRunner.java:462)
	at org.apache.hadoop.mapred.LocalJobRunner$Job.run(LocalJobRunner.java:522)
Caused by: java.util.NoSuchElementException
	at java.util.StringTokenizer.nextToken(StringTokenizer.java:349)
	at edu.stanford.cs246.wordcount.MapReduceQ42$Map.map(MapReduceQ42.java:79)
	at edu.stanford.cs246.wordcount.MapReduceQ42$Map.map(MapReduceQ42.java:1)
	at org.apache.hadoop.mapreduce.Mapper.run(Mapper.java:145)
	at org.apache.hadoop.mapred.MapTask.runNewMapper(MapTask.java:787)
	at org.apache.hadoop.mapred.MapTask.run(MapTask.java:341)
	at org.apache.hadoop.mapred.LocalJobRunner$Job$MapTaskRunnable.run(LocalJobRunner.java:243)
	at java.util.concurrent.Executors$RunnableAdapter.call(Executors.java:471)
	at java.util.concurrent.FutureTask.run(FutureTask.java:262)
	at java.util.concurrent.ThreadPoolExecutor.runWorker(ThreadPoolExecutor.java:1145)
	at java.util.concurrent.ThreadPoolExecutor$Worker.run(ThreadPoolExecutor.java:615)
	at java.lang.Thread.run(Thread.java:745)
2022-03-26 20:53:16,528 INFO org.apache.hadoop.mapreduce.Job: Job job_local254567658_0001 failed with state FAILED due to: NA
2022-03-26 20:53:16,545 INFO org.apache.hadoop.mapreduce.Job: Counters: 0
2022-03-26 20:55:28,988 WARN org.apache.hadoop.util.NativeCodeLoader: Unable to load native-hadoop library for your platform... using builtin-java classes where applicable
2022-03-26 20:55:30,204 INFO org.apache.hadoop.conf.Configuration.deprecation: session.id is deprecated. Instead, use dfs.metrics.session-id
2022-03-26 20:55:30,206 INFO org.apache.hadoop.metrics.jvm.JvmMetrics: Initializing JVM Metrics with processName=JobTracker, sessionId=
2022-03-26 20:55:30,349 WARN org.apache.hadoop.security.UserGroupInformation: PriviledgedActionException as:cloudera (auth:SIMPLE) cause:org.apache.hadoop.mapred.FileAlreadyExistsException: Output directory file:/home/cloudera/workspace/MapReduceQ42/output1 already exists
2022-03-26 20:55:58,850 WARN org.apache.hadoop.util.NativeCodeLoader: Unable to load native-hadoop library for your platform... using builtin-java classes where applicable
2022-03-26 20:55:59,996 INFO org.apache.hadoop.conf.Configuration.deprecation: session.id is deprecated. Instead, use dfs.metrics.session-id
2022-03-26 20:56:00,008 INFO org.apache.hadoop.metrics.jvm.JvmMetrics: Initializing JVM Metrics with processName=JobTracker, sessionId=
2022-03-26 20:56:01,004 WARN org.apache.hadoop.mapreduce.JobResourceUploader: No job jar file set.  User classes may not be found. See Job or Job#setJar(String).
2022-03-26 20:56:01,067 INFO org.apache.hadoop.mapreduce.lib.input.FileInputFormat: Total input paths to process : 1
2022-03-26 20:56:01,325 INFO org.apache.hadoop.mapreduce.JobSubmitter: number of splits:1
2022-03-26 20:56:01,871 INFO org.apache.hadoop.mapreduce.JobSubmitter: Submitting tokens for job: job_local1942776687_0001
2022-03-26 20:56:02,749 INFO org.apache.hadoop.mapreduce.Job: The url to track the job: http://localhost:8080/
2022-03-26 20:56:02,750 INFO org.apache.hadoop.mapreduce.Job: Running job: job_local1942776687_0001
2022-03-26 20:56:02,775 INFO org.apache.hadoop.mapred.LocalJobRunner: OutputCommitter set in config null
2022-03-26 20:56:02,805 INFO org.apache.hadoop.mapreduce.lib.output.FileOutputCommitter: File Output Committer Algorithm version is 1
2022-03-26 20:56:02,826 INFO org.apache.hadoop.mapred.LocalJobRunner: OutputCommitter is org.apache.hadoop.mapreduce.lib.output.FileOutputCommitter
2022-03-26 20:56:03,118 INFO org.apache.hadoop.mapred.LocalJobRunner: Waiting for map tasks
2022-03-26 20:56:03,121 INFO org.apache.hadoop.mapred.LocalJobRunner: Starting task: attempt_local1942776687_0001_m_000000_0
2022-03-26 20:56:03,223 INFO org.apache.hadoop.mapreduce.lib.output.FileOutputCommitter: File Output Committer Algorithm version is 1
2022-03-26 20:56:03,269 INFO org.apache.hadoop.mapred.Task:  Using ResourceCalculatorProcessTree : [ ]
2022-03-26 20:56:03,283 INFO org.apache.hadoop.mapred.MapTask: Processing split: file:/home/cloudera/workspace/MapReduceQ42/pg100.txt:0+5589886
2022-03-26 20:56:03,581 INFO org.apache.hadoop.mapred.MapTask: (EQUATOR) 0 kvi 26214396(104857584)
2022-03-26 20:56:03,584 INFO org.apache.hadoop.mapred.MapTask: mapreduce.task.io.sort.mb: 100
2022-03-26 20:56:03,584 INFO org.apache.hadoop.mapred.MapTask: soft limit at 83886080
2022-03-26 20:56:03,585 INFO org.apache.hadoop.mapred.MapTask: bufstart = 0; bufvoid = 104857600
2022-03-26 20:56:03,585 INFO org.apache.hadoop.mapred.MapTask: kvstart = 26214396; length = 6553600
2022-03-26 20:56:03,600 INFO org.apache.hadoop.mapred.MapTask: Map output collector class = org.apache.hadoop.mapred.MapTask$MapOutputBuffer
2022-03-26 20:56:03,626 INFO org.apache.hadoop.mapred.MapTask: Starting flush of map output
2022-03-26 20:56:03,627 INFO org.apache.hadoop.mapred.MapTask: Spilling map output
2022-03-26 20:56:03,627 INFO org.apache.hadoop.mapred.MapTask: bufstart = 0; bufend = 52; bufvoid = 104857600
2022-03-26 20:56:03,627 INFO org.apache.hadoop.mapred.MapTask: kvstart = 26214396(104857584); kvend = 26214384(104857536); length = 13/6553600
2022-03-26 20:56:03,653 INFO org.apache.hadoop.mapred.MapTask: Finished spill 0
2022-03-26 20:56:03,667 INFO org.apache.hadoop.mapred.LocalJobRunner: map task executor complete.
2022-03-26 20:56:03,670 WARN org.apache.hadoop.mapred.LocalJobRunner: job_local1942776687_0001
java.lang.Exception: java.util.NoSuchElementException
	at org.apache.hadoop.mapred.LocalJobRunner$Job.runTasks(LocalJobRunner.java:462)
	at org.apache.hadoop.mapred.LocalJobRunner$Job.run(LocalJobRunner.java:522)
Caused by: java.util.NoSuchElementException
	at java.util.StringTokenizer.nextToken(StringTokenizer.java:349)
	at edu.stanford.cs246.wordcount.MapReduceQ42$Map.map(MapReduceQ42.java:80)
	at edu.stanford.cs246.wordcount.MapReduceQ42$Map.map(MapReduceQ42.java:1)
	at org.apache.hadoop.mapreduce.Mapper.run(Mapper.java:145)
	at org.apache.hadoop.mapred.MapTask.runNewMapper(MapTask.java:787)
	at org.apache.hadoop.mapred.MapTask.run(MapTask.java:341)
	at org.apache.hadoop.mapred.LocalJobRunner$Job$MapTaskRunnable.run(LocalJobRunner.java:243)
	at java.util.concurrent.Executors$RunnableAdapter.call(Executors.java:471)
	at java.util.concurrent.FutureTask.run(FutureTask.java:262)
	at java.util.concurrent.ThreadPoolExecutor.runWorker(ThreadPoolExecutor.java:1145)
	at java.util.concurrent.ThreadPoolExecutor$Worker.run(ThreadPoolExecutor.java:615)
	at java.lang.Thread.run(Thread.java:745)
2022-03-26 20:56:03,774 INFO org.apache.hadoop.mapreduce.Job: Job job_local1942776687_0001 running in uber mode : false
2022-03-26 20:56:03,778 INFO org.apache.hadoop.mapreduce.Job:  map 0% reduce 0%
2022-03-26 20:56:03,789 INFO org.apache.hadoop.mapreduce.Job: Job job_local1942776687_0001 failed with state FAILED due to: NA
2022-03-26 20:56:03,808 INFO org.apache.hadoop.mapreduce.Job: Counters: 0
2022-03-26 21:17:57,562 WARN org.apache.hadoop.util.NativeCodeLoader: Unable to load native-hadoop library for your platform... using builtin-java classes where applicable
2022-03-26 21:17:58,710 INFO org.apache.hadoop.conf.Configuration.deprecation: session.id is deprecated. Instead, use dfs.metrics.session-id
2022-03-26 21:17:58,718 INFO org.apache.hadoop.metrics.jvm.JvmMetrics: Initializing JVM Metrics with processName=JobTracker, sessionId=
2022-03-26 21:17:59,937 WARN org.apache.hadoop.mapreduce.JobResourceUploader: No job jar file set.  User classes may not be found. See Job or Job#setJar(String).
2022-03-26 21:17:59,992 INFO org.apache.hadoop.mapreduce.lib.input.FileInputFormat: Total input paths to process : 1
2022-03-26 21:18:00,179 INFO org.apache.hadoop.mapreduce.JobSubmitter: number of splits:1
2022-03-26 21:18:00,704 INFO org.apache.hadoop.mapreduce.JobSubmitter: Submitting tokens for job: job_local54146010_0001
2022-03-26 21:18:01,586 INFO org.apache.hadoop.mapreduce.Job: The url to track the job: http://localhost:8080/
2022-03-26 21:18:01,587 INFO org.apache.hadoop.mapreduce.Job: Running job: job_local54146010_0001
2022-03-26 21:18:01,600 INFO org.apache.hadoop.mapred.LocalJobRunner: OutputCommitter set in config null
2022-03-26 21:18:01,644 INFO org.apache.hadoop.mapreduce.lib.output.FileOutputCommitter: File Output Committer Algorithm version is 1
2022-03-26 21:18:01,660 INFO org.apache.hadoop.mapred.LocalJobRunner: OutputCommitter is org.apache.hadoop.mapreduce.lib.output.FileOutputCommitter
2022-03-26 21:18:01,914 INFO org.apache.hadoop.mapred.LocalJobRunner: Waiting for map tasks
2022-03-26 21:18:01,917 INFO org.apache.hadoop.mapred.LocalJobRunner: Starting task: attempt_local54146010_0001_m_000000_0
2022-03-26 21:18:02,026 INFO org.apache.hadoop.mapreduce.lib.output.FileOutputCommitter: File Output Committer Algorithm version is 1
2022-03-26 21:18:02,074 INFO org.apache.hadoop.mapred.Task:  Using ResourceCalculatorProcessTree : [ ]
2022-03-26 21:18:02,088 INFO org.apache.hadoop.mapred.MapTask: Processing split: file:/home/cloudera/workspace/MapReduceQ42/pg100.txt:0+5589886
2022-03-26 21:18:02,356 INFO org.apache.hadoop.mapred.MapTask: (EQUATOR) 0 kvi 26214396(104857584)
2022-03-26 21:18:02,364 INFO org.apache.hadoop.mapred.MapTask: mapreduce.task.io.sort.mb: 100
2022-03-26 21:18:02,365 INFO org.apache.hadoop.mapred.MapTask: soft limit at 83886080
2022-03-26 21:18:02,365 INFO org.apache.hadoop.mapred.MapTask: bufstart = 0; bufvoid = 104857600
2022-03-26 21:18:02,365 INFO org.apache.hadoop.mapred.MapTask: kvstart = 26214396; length = 6553600
2022-03-26 21:18:02,378 INFO org.apache.hadoop.mapred.MapTask: Map output collector class = org.apache.hadoop.mapred.MapTask$MapOutputBuffer
2022-03-26 21:18:02,598 INFO org.apache.hadoop.mapreduce.Job: Job job_local54146010_0001 running in uber mode : false
2022-03-26 21:18:02,600 INFO org.apache.hadoop.mapreduce.Job:  map 0% reduce 0%
2022-03-26 21:18:05,802 INFO org.apache.hadoop.mapred.LocalJobRunner: 
2022-03-26 21:18:05,808 INFO org.apache.hadoop.mapred.MapTask: Starting flush of map output
2022-03-26 21:18:05,808 INFO org.apache.hadoop.mapred.MapTask: Spilling map output
2022-03-26 21:18:05,808 INFO org.apache.hadoop.mapred.MapTask: bufstart = 0; bufend = 11768045; bufvoid = 104857600
2022-03-26 21:18:05,809 INFO org.apache.hadoop.mapred.MapTask: kvstart = 26214396(104857584); kvend = 22599580(90398320); length = 3614817/6553600
2022-03-26 21:18:08,055 INFO org.apache.hadoop.mapred.LocalJobRunner: map > sort
2022-03-26 21:18:08,228 INFO org.apache.hadoop.mapred.MapTask: Finished spill 0
2022-03-26 21:18:08,246 INFO org.apache.hadoop.mapred.Task: Task:attempt_local54146010_0001_m_000000_0 is done. And is in the process of committing
2022-03-26 21:18:08,257 INFO org.apache.hadoop.mapred.LocalJobRunner: map
2022-03-26 21:18:08,260 INFO org.apache.hadoop.mapred.Task: Task 'attempt_local54146010_0001_m_000000_0' done.
2022-03-26 21:18:08,261 INFO org.apache.hadoop.mapred.LocalJobRunner: Finishing task: attempt_local54146010_0001_m_000000_0
2022-03-26 21:18:08,262 INFO org.apache.hadoop.mapred.LocalJobRunner: map task executor complete.
2022-03-26 21:18:08,275 INFO org.apache.hadoop.mapred.LocalJobRunner: Waiting for reduce tasks
2022-03-26 21:18:08,276 INFO org.apache.hadoop.mapred.LocalJobRunner: Starting task: attempt_local54146010_0001_r_000000_0
2022-03-26 21:18:08,312 INFO org.apache.hadoop.mapreduce.lib.output.FileOutputCommitter: File Output Committer Algorithm version is 1
2022-03-26 21:18:08,314 INFO org.apache.hadoop.mapred.Task:  Using ResourceCalculatorProcessTree : [ ]
2022-03-26 21:18:08,318 INFO org.apache.hadoop.mapred.ReduceTask: Using ShuffleConsumerPlugin: org.apache.hadoop.mapreduce.task.reduce.Shuffle@3f9b39f6
2022-03-26 21:18:08,377 INFO org.apache.hadoop.mapreduce.task.reduce.MergeManagerImpl: MergerManager: memoryLimit=679778688, maxSingleShuffleLimit=169944672, mergeThreshold=448653952, ioSortFactor=10, memToMemMergeOutputsThreshold=10
2022-03-26 21:18:08,403 INFO org.apache.hadoop.mapreduce.task.reduce.EventFetcher: attempt_local54146010_0001_r_000000_0 Thread started: EventFetcher for fetching Map Completion Events
2022-03-26 21:18:08,522 INFO org.apache.hadoop.mapreduce.task.reduce.LocalFetcher: localfetcher#1 about to shuffle output of map attempt_local54146010_0001_m_000000_0 decomp: 13575457 len: 13575461 to MEMORY
2022-03-26 21:18:08,625 INFO org.apache.hadoop.mapreduce.Job:  map 100% reduce 0%
2022-03-26 21:18:08,641 INFO org.apache.hadoop.mapreduce.task.reduce.InMemoryMapOutput: Read 13575457 bytes from map-output for attempt_local54146010_0001_m_000000_0
2022-03-26 21:18:08,645 INFO org.apache.hadoop.mapreduce.task.reduce.MergeManagerImpl: closeInMemoryFile -> map-output of size: 13575457, inMemoryMapOutputs.size() -> 1, commitMemory -> 0, usedMemory ->13575457
2022-03-26 21:18:08,654 INFO org.apache.hadoop.mapreduce.task.reduce.EventFetcher: EventFetcher is interrupted.. Returning
2022-03-26 21:18:08,655 INFO org.apache.hadoop.mapred.LocalJobRunner: 1 / 1 copied.
2022-03-26 21:18:08,656 INFO org.apache.hadoop.mapreduce.task.reduce.MergeManagerImpl: finalMerge called with 1 in-memory map-outputs and 0 on-disk map-outputs
2022-03-26 21:18:08,706 INFO org.apache.hadoop.mapred.Merger: Merging 1 sorted segments
2022-03-26 21:18:08,708 INFO org.apache.hadoop.mapred.Merger: Down to the last merge-pass, with 1 segments left of total size: 13575445 bytes
2022-03-26 21:18:10,185 INFO org.apache.hadoop.mapreduce.task.reduce.MergeManagerImpl: Merged 1 segments, 13575457 bytes to disk to satisfy reduce memory limit
2022-03-26 21:18:10,187 INFO org.apache.hadoop.mapreduce.task.reduce.MergeManagerImpl: Merging 1 files, 13575461 bytes from disk
2022-03-26 21:18:10,190 INFO org.apache.hadoop.mapreduce.task.reduce.MergeManagerImpl: Merging 0 segments, 0 bytes from memory into reduce
2022-03-26 21:18:10,192 INFO org.apache.hadoop.mapred.Merger: Merging 1 sorted segments
2022-03-26 21:18:10,193 INFO org.apache.hadoop.mapred.Merger: Down to the last merge-pass, with 1 segments left of total size: 13575445 bytes
2022-03-26 21:18:10,196 INFO org.apache.hadoop.mapred.LocalJobRunner: 1 / 1 copied.
2022-03-26 21:18:10,220 INFO org.apache.hadoop.conf.Configuration.deprecation: mapred.skip.on is deprecated. Instead, use mapreduce.job.skiprecords
2022-03-26 21:18:11,873 INFO org.apache.hadoop.mapred.Task: Task:attempt_local54146010_0001_r_000000_0 is done. And is in the process of committing
2022-03-26 21:18:11,886 INFO org.apache.hadoop.mapred.LocalJobRunner: 1 / 1 copied.
2022-03-26 21:18:11,887 INFO org.apache.hadoop.mapred.Task: Task attempt_local54146010_0001_r_000000_0 is allowed to commit now
2022-03-26 21:18:11,893 INFO org.apache.hadoop.mapreduce.lib.output.FileOutputCommitter: Saved output of task 'attempt_local54146010_0001_r_000000_0' to file:/home/cloudera/workspace/MapReduceQ42/output1/_temporary/0/task_local54146010_0001_r_000000
2022-03-26 21:18:11,895 INFO org.apache.hadoop.mapred.LocalJobRunner: reduce > reduce
2022-03-26 21:18:11,897 INFO org.apache.hadoop.mapred.Task: Task 'attempt_local54146010_0001_r_000000_0' done.
2022-03-26 21:18:11,899 INFO org.apache.hadoop.mapred.LocalJobRunner: Finishing task: attempt_local54146010_0001_r_000000_0
2022-03-26 21:18:11,902 INFO org.apache.hadoop.mapred.LocalJobRunner: reduce task executor complete.
2022-03-26 21:18:12,627 INFO org.apache.hadoop.mapreduce.Job:  map 100% reduce 100%
2022-03-26 21:18:12,627 INFO org.apache.hadoop.mapreduce.Job: Job job_local54146010_0001 completed successfully
2022-03-26 21:18:12,667 INFO org.apache.hadoop.mapreduce.Job: Counters: 33
	File System Counters
		FILE: Number of bytes read=38331074
		FILE: Number of bytes written=41251169
		FILE: Number of read operations=0
		FILE: Number of large read operations=0
		FILE: Number of write operations=0
	Map-Reduce Framework
		Map input records=124787
		Map output records=903705
		Map output bytes=11768045
		Map output materialized bytes=13575461
		Input split bytes=117
		Combine input records=0
		Combine output records=0
		Reduce input groups=28
		Reduce shuffle bytes=13575461
		Reduce input records=903705
		Reduce output records=28
		Spilled Records=1807410
		Shuffled Maps =1
		Failed Shuffles=0
		Merged Map outputs=1
		GC time elapsed (ms)=148
		CPU time spent (ms)=0
		Physical memory (bytes) snapshot=0
		Virtual memory (bytes) snapshot=0
		Total committed heap usage (bytes)=331227136
	Shuffle Errors
		BAD_ID=0
		CONNECTION=0
		IO_ERROR=0
		WRONG_LENGTH=0
		WRONG_MAP=0
		WRONG_REDUCE=0
	File Input Format Counters 
		Bytes Read=5589886
	File Output Format Counters 
		Bytes Written=398
2022-03-26 21:20:07,785 WARN org.apache.hadoop.util.NativeCodeLoader: Unable to load native-hadoop library for your platform... using builtin-java classes where applicable
2022-03-26 21:20:08,891 INFO org.apache.hadoop.conf.Configuration.deprecation: session.id is deprecated. Instead, use dfs.metrics.session-id
2022-03-26 21:20:08,903 INFO org.apache.hadoop.metrics.jvm.JvmMetrics: Initializing JVM Metrics with processName=JobTracker, sessionId=
2022-03-26 21:20:09,892 WARN org.apache.hadoop.mapreduce.JobResourceUploader: No job jar file set.  User classes may not be found. See Job or Job#setJar(String).
2022-03-26 21:20:09,957 INFO org.apache.hadoop.mapreduce.lib.input.FileInputFormat: Total input paths to process : 1
2022-03-26 21:20:10,211 INFO org.apache.hadoop.mapreduce.JobSubmitter: number of splits:1
2022-03-26 21:20:10,793 INFO org.apache.hadoop.mapreduce.JobSubmitter: Submitting tokens for job: job_local729807454_0001
2022-03-26 21:20:11,713 INFO org.apache.hadoop.mapreduce.Job: The url to track the job: http://localhost:8080/
2022-03-26 21:20:11,715 INFO org.apache.hadoop.mapreduce.Job: Running job: job_local729807454_0001
2022-03-26 21:20:11,759 INFO org.apache.hadoop.mapred.LocalJobRunner: OutputCommitter set in config null
2022-03-26 21:20:11,787 INFO org.apache.hadoop.mapreduce.lib.output.FileOutputCommitter: File Output Committer Algorithm version is 1
2022-03-26 21:20:11,806 INFO org.apache.hadoop.mapred.LocalJobRunner: OutputCommitter is org.apache.hadoop.mapreduce.lib.output.FileOutputCommitter
2022-03-26 21:20:12,126 INFO org.apache.hadoop.mapred.LocalJobRunner: Waiting for map tasks
2022-03-26 21:20:12,132 INFO org.apache.hadoop.mapred.LocalJobRunner: Starting task: attempt_local729807454_0001_m_000000_0
2022-03-26 21:20:12,261 INFO org.apache.hadoop.mapreduce.lib.output.FileOutputCommitter: File Output Committer Algorithm version is 1
2022-03-26 21:20:12,313 INFO org.apache.hadoop.mapred.Task:  Using ResourceCalculatorProcessTree : [ ]
2022-03-26 21:20:12,325 INFO org.apache.hadoop.mapred.MapTask: Processing split: file:/home/cloudera/workspace/MapReduceQ42/pg100.txt:0+5589886
2022-03-26 21:20:12,610 INFO org.apache.hadoop.mapred.MapTask: (EQUATOR) 0 kvi 26214396(104857584)
2022-03-26 21:20:12,612 INFO org.apache.hadoop.mapred.MapTask: mapreduce.task.io.sort.mb: 100
2022-03-26 21:20:12,613 INFO org.apache.hadoop.mapred.MapTask: soft limit at 83886080
2022-03-26 21:20:12,613 INFO org.apache.hadoop.mapred.MapTask: bufstart = 0; bufvoid = 104857600
2022-03-26 21:20:12,613 INFO org.apache.hadoop.mapred.MapTask: kvstart = 26214396; length = 6553600
2022-03-26 21:20:12,628 INFO org.apache.hadoop.mapred.MapTask: Map output collector class = org.apache.hadoop.mapred.MapTask$MapOutputBuffer
2022-03-26 21:20:12,661 INFO org.apache.hadoop.mapred.MapTask: Starting flush of map output
2022-03-26 21:20:12,663 INFO org.apache.hadoop.mapred.MapTask: Spilling map output
2022-03-26 21:20:12,663 INFO org.apache.hadoop.mapred.MapTask: bufstart = 0; bufend = 327; bufvoid = 104857600
2022-03-26 21:20:12,663 INFO org.apache.hadoop.mapred.MapTask: kvstart = 26214396(104857584); kvend = 26214300(104857200); length = 97/6553600
2022-03-26 21:20:12,699 INFO org.apache.hadoop.mapred.MapTask: Finished spill 0
2022-03-26 21:20:12,711 INFO org.apache.hadoop.mapred.LocalJobRunner: map task executor complete.
2022-03-26 21:20:12,717 WARN org.apache.hadoop.mapred.LocalJobRunner: job_local729807454_0001
java.lang.Exception: java.util.NoSuchElementException
	at org.apache.hadoop.mapred.LocalJobRunner$Job.runTasks(LocalJobRunner.java:462)
	at org.apache.hadoop.mapred.LocalJobRunner$Job.run(LocalJobRunner.java:522)
Caused by: java.util.NoSuchElementException
	at java.util.StringTokenizer.nextToken(StringTokenizer.java:349)
	at edu.stanford.cs246.wordcount.MapReduceQ42$Map.map(MapReduceQ42.java:79)
	at edu.stanford.cs246.wordcount.MapReduceQ42$Map.map(MapReduceQ42.java:1)
	at org.apache.hadoop.mapreduce.Mapper.run(Mapper.java:145)
	at org.apache.hadoop.mapred.MapTask.runNewMapper(MapTask.java:787)
	at org.apache.hadoop.mapred.MapTask.run(MapTask.java:341)
	at org.apache.hadoop.mapred.LocalJobRunner$Job$MapTaskRunnable.run(LocalJobRunner.java:243)
	at java.util.concurrent.Executors$RunnableAdapter.call(Executors.java:471)
	at java.util.concurrent.FutureTask.run(FutureTask.java:262)
	at java.util.concurrent.ThreadPoolExecutor.runWorker(ThreadPoolExecutor.java:1145)
	at java.util.concurrent.ThreadPoolExecutor$Worker.run(ThreadPoolExecutor.java:615)
	at java.lang.Thread.run(Thread.java:745)
2022-03-26 21:20:12,759 INFO org.apache.hadoop.mapreduce.Job: Job job_local729807454_0001 running in uber mode : false
2022-03-26 21:20:12,761 INFO org.apache.hadoop.mapreduce.Job:  map 0% reduce 0%
2022-03-26 21:20:12,767 INFO org.apache.hadoop.mapreduce.Job: Job job_local729807454_0001 failed with state FAILED due to: NA
2022-03-26 21:20:12,793 INFO org.apache.hadoop.mapreduce.Job: Counters: 0
2022-03-26 21:23:30,198 WARN org.apache.hadoop.util.NativeCodeLoader: Unable to load native-hadoop library for your platform... using builtin-java classes where applicable
2022-03-26 21:23:31,484 INFO org.apache.hadoop.conf.Configuration.deprecation: session.id is deprecated. Instead, use dfs.metrics.session-id
2022-03-26 21:23:31,500 INFO org.apache.hadoop.metrics.jvm.JvmMetrics: Initializing JVM Metrics with processName=JobTracker, sessionId=
2022-03-26 21:23:32,641 WARN org.apache.hadoop.mapreduce.JobResourceUploader: No job jar file set.  User classes may not be found. See Job or Job#setJar(String).
2022-03-26 21:23:32,679 INFO org.apache.hadoop.mapreduce.lib.input.FileInputFormat: Total input paths to process : 1
2022-03-26 21:23:32,855 INFO org.apache.hadoop.mapreduce.JobSubmitter: number of splits:1
2022-03-26 21:23:33,369 INFO org.apache.hadoop.mapreduce.JobSubmitter: Submitting tokens for job: job_local112382452_0001
2022-03-26 21:23:34,297 INFO org.apache.hadoop.mapreduce.Job: The url to track the job: http://localhost:8080/
2022-03-26 21:23:34,299 INFO org.apache.hadoop.mapreduce.Job: Running job: job_local112382452_0001
2022-03-26 21:23:34,334 INFO org.apache.hadoop.mapred.LocalJobRunner: OutputCommitter set in config null
2022-03-26 21:23:34,360 INFO org.apache.hadoop.mapreduce.lib.output.FileOutputCommitter: File Output Committer Algorithm version is 1
2022-03-26 21:23:34,380 INFO org.apache.hadoop.mapred.LocalJobRunner: OutputCommitter is org.apache.hadoop.mapreduce.lib.output.FileOutputCommitter
2022-03-26 21:23:34,631 INFO org.apache.hadoop.mapred.LocalJobRunner: Waiting for map tasks
2022-03-26 21:23:34,636 INFO org.apache.hadoop.mapred.LocalJobRunner: Starting task: attempt_local112382452_0001_m_000000_0
2022-03-26 21:23:34,783 INFO org.apache.hadoop.mapreduce.lib.output.FileOutputCommitter: File Output Committer Algorithm version is 1
2022-03-26 21:23:34,845 INFO org.apache.hadoop.mapred.Task:  Using ResourceCalculatorProcessTree : [ ]
2022-03-26 21:23:34,859 INFO org.apache.hadoop.mapred.MapTask: Processing split: file:/home/cloudera/workspace/MapReduceQ42/pg100.txt:0+5589886
2022-03-26 21:23:35,246 INFO org.apache.hadoop.mapred.MapTask: (EQUATOR) 0 kvi 26214396(104857584)
2022-03-26 21:23:35,255 INFO org.apache.hadoop.mapred.MapTask: mapreduce.task.io.sort.mb: 100
2022-03-26 21:23:35,256 INFO org.apache.hadoop.mapred.MapTask: soft limit at 83886080
2022-03-26 21:23:35,256 INFO org.apache.hadoop.mapred.MapTask: bufstart = 0; bufvoid = 104857600
2022-03-26 21:23:35,257 INFO org.apache.hadoop.mapred.MapTask: kvstart = 26214396; length = 6553600
2022-03-26 21:23:35,279 INFO org.apache.hadoop.mapred.MapTask: Map output collector class = org.apache.hadoop.mapred.MapTask$MapOutputBuffer
2022-03-26 21:23:35,332 INFO org.apache.hadoop.mapreduce.Job: Job job_local112382452_0001 running in uber mode : false
2022-03-26 21:23:35,334 INFO org.apache.hadoop.mapreduce.Job:  map 0% reduce 0%
2022-03-26 21:23:38,938 INFO org.apache.hadoop.mapred.LocalJobRunner: 
2022-03-26 21:23:38,942 INFO org.apache.hadoop.mapred.MapTask: Starting flush of map output
2022-03-26 21:23:38,942 INFO org.apache.hadoop.mapred.MapTask: Spilling map output
2022-03-26 21:23:38,942 INFO org.apache.hadoop.mapred.MapTask: bufstart = 0; bufend = 375475; bufvoid = 104857600
2022-03-26 21:23:38,942 INFO org.apache.hadoop.mapred.MapTask: kvstart = 26214396(104857584); kvend = 26100480(104401920); length = 113917/6553600
2022-03-26 21:23:39,598 INFO org.apache.hadoop.mapred.MapTask: Finished spill 0
2022-03-26 21:23:39,607 INFO org.apache.hadoop.mapred.Task: Task:attempt_local112382452_0001_m_000000_0 is done. And is in the process of committing
2022-03-26 21:23:39,655 INFO org.apache.hadoop.mapred.LocalJobRunner: map
2022-03-26 21:23:39,659 INFO org.apache.hadoop.mapred.Task: Task 'attempt_local112382452_0001_m_000000_0' done.
2022-03-26 21:23:39,660 INFO org.apache.hadoop.mapred.LocalJobRunner: Finishing task: attempt_local112382452_0001_m_000000_0
2022-03-26 21:23:39,663 INFO org.apache.hadoop.mapred.LocalJobRunner: map task executor complete.
2022-03-26 21:23:39,680 INFO org.apache.hadoop.mapred.LocalJobRunner: Waiting for reduce tasks
2022-03-26 21:23:39,680 INFO org.apache.hadoop.mapred.LocalJobRunner: Starting task: attempt_local112382452_0001_r_000000_0
2022-03-26 21:23:39,725 INFO org.apache.hadoop.mapreduce.lib.output.FileOutputCommitter: File Output Committer Algorithm version is 1
2022-03-26 21:23:39,726 INFO org.apache.hadoop.mapred.Task:  Using ResourceCalculatorProcessTree : [ ]
2022-03-26 21:23:39,751 INFO org.apache.hadoop.mapred.ReduceTask: Using ShuffleConsumerPlugin: org.apache.hadoop.mapreduce.task.reduce.Shuffle@1c643c06
2022-03-26 21:23:39,822 INFO org.apache.hadoop.mapreduce.task.reduce.MergeManagerImpl: MergerManager: memoryLimit=679778688, maxSingleShuffleLimit=169944672, mergeThreshold=448653952, ioSortFactor=10, memToMemMergeOutputsThreshold=10
2022-03-26 21:23:39,839 INFO org.apache.hadoop.mapreduce.task.reduce.EventFetcher: attempt_local112382452_0001_r_000000_0 Thread started: EventFetcher for fetching Map Completion Events
2022-03-26 21:23:39,952 INFO org.apache.hadoop.mapreduce.task.reduce.LocalFetcher: localfetcher#1 about to shuffle output of map attempt_local112382452_0001_m_000000_0 decomp: 432437 len: 432441 to MEMORY
2022-03-26 21:23:39,970 INFO org.apache.hadoop.mapreduce.task.reduce.InMemoryMapOutput: Read 432437 bytes from map-output for attempt_local112382452_0001_m_000000_0
2022-03-26 21:23:39,977 INFO org.apache.hadoop.mapreduce.task.reduce.MergeManagerImpl: closeInMemoryFile -> map-output of size: 432437, inMemoryMapOutputs.size() -> 1, commitMemory -> 0, usedMemory ->432437
2022-03-26 21:23:39,985 INFO org.apache.hadoop.mapreduce.task.reduce.EventFetcher: EventFetcher is interrupted.. Returning
2022-03-26 21:23:39,986 INFO org.apache.hadoop.mapred.LocalJobRunner: 1 / 1 copied.
2022-03-26 21:23:39,986 INFO org.apache.hadoop.mapreduce.task.reduce.MergeManagerImpl: finalMerge called with 1 in-memory map-outputs and 0 on-disk map-outputs
2022-03-26 21:23:40,003 INFO org.apache.hadoop.mapred.Merger: Merging 1 sorted segments
2022-03-26 21:23:40,004 INFO org.apache.hadoop.mapred.Merger: Down to the last merge-pass, with 1 segments left of total size: 432425 bytes
2022-03-26 21:23:40,330 INFO org.apache.hadoop.mapreduce.task.reduce.MergeManagerImpl: Merged 1 segments, 432437 bytes to disk to satisfy reduce memory limit
2022-03-26 21:23:40,331 INFO org.apache.hadoop.mapreduce.task.reduce.MergeManagerImpl: Merging 1 files, 432441 bytes from disk
2022-03-26 21:23:40,341 INFO org.apache.hadoop.mapreduce.task.reduce.MergeManagerImpl: Merging 0 segments, 0 bytes from memory into reduce
2022-03-26 21:23:40,341 INFO org.apache.hadoop.mapred.Merger: Merging 1 sorted segments
2022-03-26 21:23:40,342 INFO org.apache.hadoop.mapred.Merger: Down to the last merge-pass, with 1 segments left of total size: 432425 bytes
2022-03-26 21:23:40,342 INFO org.apache.hadoop.mapred.LocalJobRunner: 1 / 1 copied.
2022-03-26 21:23:40,351 INFO org.apache.hadoop.mapreduce.Job:  map 100% reduce 0%
2022-03-26 21:23:40,383 INFO org.apache.hadoop.conf.Configuration.deprecation: mapred.skip.on is deprecated. Instead, use mapreduce.job.skiprecords
2022-03-26 21:23:40,905 INFO org.apache.hadoop.mapred.Task: Task:attempt_local112382452_0001_r_000000_0 is done. And is in the process of committing
2022-03-26 21:23:40,913 INFO org.apache.hadoop.mapred.LocalJobRunner: 1 / 1 copied.
2022-03-26 21:23:40,913 INFO org.apache.hadoop.mapred.Task: Task attempt_local112382452_0001_r_000000_0 is allowed to commit now
2022-03-26 21:23:40,914 INFO org.apache.hadoop.mapreduce.lib.output.FileOutputCommitter: Saved output of task 'attempt_local112382452_0001_r_000000_0' to file:/home/cloudera/workspace/MapReduceQ42/output1/_temporary/0/task_local112382452_0001_r_000000
2022-03-26 21:23:40,923 INFO org.apache.hadoop.mapred.LocalJobRunner: reduce > reduce
2022-03-26 21:23:40,923 INFO org.apache.hadoop.mapred.Task: Task 'attempt_local112382452_0001_r_000000_0' done.
2022-03-26 21:23:40,923 INFO org.apache.hadoop.mapred.LocalJobRunner: Finishing task: attempt_local112382452_0001_r_000000_0
2022-03-26 21:23:40,924 INFO org.apache.hadoop.mapred.LocalJobRunner: reduce task executor complete.
2022-03-26 21:23:41,353 INFO org.apache.hadoop.mapreduce.Job:  map 100% reduce 100%
2022-03-26 21:23:41,355 INFO org.apache.hadoop.mapreduce.Job: Job job_local112382452_0001 completed successfully
2022-03-26 21:23:41,391 INFO org.apache.hadoop.mapreduce.Job: Counters: 33
	File System Counters
		FILE: Number of bytes read=12045034
		FILE: Number of bytes written=1824889
		FILE: Number of read operations=0
		FILE: Number of large read operations=0
		FILE: Number of write operations=0
	Map-Reduce Framework
		Map input records=124787
		Map output records=28480
		Map output bytes=375475
		Map output materialized bytes=432441
		Input split bytes=117
		Combine input records=0
		Combine output records=0
		Reduce input groups=28
		Reduce shuffle bytes=432441
		Reduce input records=28480
		Reduce output records=28
		Spilled Records=56960
		Shuffled Maps =1
		Failed Shuffles=0
		Merged Map outputs=1
		GC time elapsed (ms)=197
		CPU time spent (ms)=0
		Physical memory (bytes) snapshot=0
		Virtual memory (bytes) snapshot=0
		Total committed heap usage (bytes)=331227136
	Shuffle Errors
		BAD_ID=0
		CONNECTION=0
		IO_ERROR=0
		WRONG_LENGTH=0
		WRONG_MAP=0
		WRONG_REDUCE=0
	File Input Format Counters 
		Bytes Read=5589886
	File Output Format Counters 
		Bytes Written=378
2022-03-26 21:24:53,754 WARN org.apache.hadoop.util.NativeCodeLoader: Unable to load native-hadoop library for your platform... using builtin-java classes where applicable
2022-03-26 21:24:55,105 INFO org.apache.hadoop.conf.Configuration.deprecation: session.id is deprecated. Instead, use dfs.metrics.session-id
2022-03-26 21:24:55,122 INFO org.apache.hadoop.metrics.jvm.JvmMetrics: Initializing JVM Metrics with processName=JobTracker, sessionId=
2022-03-26 21:24:56,443 WARN org.apache.hadoop.mapreduce.JobResourceUploader: No job jar file set.  User classes may not be found. See Job or Job#setJar(String).
2022-03-26 21:24:56,486 INFO org.apache.hadoop.mapreduce.lib.input.FileInputFormat: Total input paths to process : 1
2022-03-26 21:24:56,661 INFO org.apache.hadoop.mapreduce.JobSubmitter: number of splits:1
2022-03-26 21:24:57,436 INFO org.apache.hadoop.mapreduce.JobSubmitter: Submitting tokens for job: job_local768079582_0001
2022-03-26 21:24:58,570 INFO org.apache.hadoop.mapreduce.Job: The url to track the job: http://localhost:8080/
2022-03-26 21:24:58,585 INFO org.apache.hadoop.mapreduce.Job: Running job: job_local768079582_0001
2022-03-26 21:24:58,642 INFO org.apache.hadoop.mapred.LocalJobRunner: OutputCommitter set in config null
2022-03-26 21:24:58,825 INFO org.apache.hadoop.mapreduce.lib.output.FileOutputCommitter: File Output Committer Algorithm version is 1
2022-03-26 21:24:58,840 INFO org.apache.hadoop.mapred.LocalJobRunner: OutputCommitter is org.apache.hadoop.mapreduce.lib.output.FileOutputCommitter
2022-03-26 21:24:59,103 INFO org.apache.hadoop.mapred.LocalJobRunner: Waiting for map tasks
2022-03-26 21:24:59,105 INFO org.apache.hadoop.mapred.LocalJobRunner: Starting task: attempt_local768079582_0001_m_000000_0
2022-03-26 21:24:59,186 INFO org.apache.hadoop.mapreduce.lib.output.FileOutputCommitter: File Output Committer Algorithm version is 1
2022-03-26 21:24:59,243 INFO org.apache.hadoop.mapred.Task:  Using ResourceCalculatorProcessTree : [ ]
2022-03-26 21:24:59,258 INFO org.apache.hadoop.mapred.MapTask: Processing split: file:/home/cloudera/workspace/MapReduceQ42/3399.txt:0+1799577
2022-03-26 21:24:59,614 INFO org.apache.hadoop.mapred.MapTask: (EQUATOR) 0 kvi 26214396(104857584)
2022-03-26 21:24:59,617 INFO org.apache.hadoop.mapred.MapTask: mapreduce.task.io.sort.mb: 100
2022-03-26 21:24:59,617 INFO org.apache.hadoop.mapred.MapTask: soft limit at 83886080
2022-03-26 21:24:59,617 INFO org.apache.hadoop.mapred.MapTask: bufstart = 0; bufvoid = 104857600
2022-03-26 21:24:59,617 INFO org.apache.hadoop.mapred.MapTask: kvstart = 26214396; length = 6553600
2022-03-26 21:24:59,636 INFO org.apache.hadoop.mapred.MapTask: Map output collector class = org.apache.hadoop.mapred.MapTask$MapOutputBuffer
2022-03-26 21:24:59,816 INFO org.apache.hadoop.mapreduce.Job: Job job_local768079582_0001 running in uber mode : false
2022-03-26 21:24:59,821 INFO org.apache.hadoop.mapreduce.Job:  map 0% reduce 0%
2022-03-26 21:25:01,895 INFO org.apache.hadoop.mapred.LocalJobRunner: 
2022-03-26 21:25:01,902 INFO org.apache.hadoop.mapred.MapTask: Starting flush of map output
2022-03-26 21:25:01,902 INFO org.apache.hadoop.mapred.MapTask: Spilling map output
2022-03-26 21:25:01,903 INFO org.apache.hadoop.mapred.MapTask: bufstart = 0; bufend = 261945; bufvoid = 104857600
2022-03-26 21:25:01,903 INFO org.apache.hadoop.mapred.MapTask: kvstart = 26214396(104857584); kvend = 26140816(104563264); length = 73581/6553600
2022-03-26 21:25:02,313 INFO org.apache.hadoop.mapred.MapTask: Finished spill 0
2022-03-26 21:25:02,333 INFO org.apache.hadoop.mapred.Task: Task:attempt_local768079582_0001_m_000000_0 is done. And is in the process of committing
2022-03-26 21:25:02,378 INFO org.apache.hadoop.mapred.LocalJobRunner: map
2022-03-26 21:25:02,380 INFO org.apache.hadoop.mapred.Task: Task 'attempt_local768079582_0001_m_000000_0' done.
2022-03-26 21:25:02,381 INFO org.apache.hadoop.mapred.LocalJobRunner: Finishing task: attempt_local768079582_0001_m_000000_0
2022-03-26 21:25:02,382 INFO org.apache.hadoop.mapred.LocalJobRunner: map task executor complete.
2022-03-26 21:25:02,400 INFO org.apache.hadoop.mapred.LocalJobRunner: Waiting for reduce tasks
2022-03-26 21:25:02,400 INFO org.apache.hadoop.mapred.LocalJobRunner: Starting task: attempt_local768079582_0001_r_000000_0
2022-03-26 21:25:02,439 INFO org.apache.hadoop.mapreduce.lib.output.FileOutputCommitter: File Output Committer Algorithm version is 1
2022-03-26 21:25:02,440 INFO org.apache.hadoop.mapred.Task:  Using ResourceCalculatorProcessTree : [ ]
2022-03-26 21:25:02,458 INFO org.apache.hadoop.mapred.ReduceTask: Using ShuffleConsumerPlugin: org.apache.hadoop.mapreduce.task.reduce.Shuffle@43d7c4e3
2022-03-26 21:25:02,545 INFO org.apache.hadoop.mapreduce.task.reduce.MergeManagerImpl: MergerManager: memoryLimit=679778688, maxSingleShuffleLimit=169944672, mergeThreshold=448653952, ioSortFactor=10, memToMemMergeOutputsThreshold=10
2022-03-26 21:25:02,566 INFO org.apache.hadoop.mapreduce.task.reduce.EventFetcher: attempt_local768079582_0001_r_000000_0 Thread started: EventFetcher for fetching Map Completion Events
2022-03-26 21:25:02,682 INFO org.apache.hadoop.mapreduce.task.reduce.LocalFetcher: localfetcher#1 about to shuffle output of map attempt_local768079582_0001_m_000000_0 decomp: 298739 len: 298743 to MEMORY
2022-03-26 21:25:02,711 INFO org.apache.hadoop.mapreduce.task.reduce.InMemoryMapOutput: Read 298739 bytes from map-output for attempt_local768079582_0001_m_000000_0
2022-03-26 21:25:02,717 INFO org.apache.hadoop.mapreduce.task.reduce.MergeManagerImpl: closeInMemoryFile -> map-output of size: 298739, inMemoryMapOutputs.size() -> 1, commitMemory -> 0, usedMemory ->298739
2022-03-26 21:25:02,724 INFO org.apache.hadoop.mapreduce.task.reduce.EventFetcher: EventFetcher is interrupted.. Returning
2022-03-26 21:25:02,730 INFO org.apache.hadoop.mapred.LocalJobRunner: 1 / 1 copied.
2022-03-26 21:25:02,730 INFO org.apache.hadoop.mapreduce.task.reduce.MergeManagerImpl: finalMerge called with 1 in-memory map-outputs and 0 on-disk map-outputs
2022-03-26 21:25:02,761 INFO org.apache.hadoop.mapred.Merger: Merging 1 sorted segments
2022-03-26 21:25:02,764 INFO org.apache.hadoop.mapred.Merger: Down to the last merge-pass, with 1 segments left of total size: 298727 bytes
2022-03-26 21:25:02,834 INFO org.apache.hadoop.mapreduce.Job:  map 100% reduce 0%
2022-03-26 21:25:02,999 INFO org.apache.hadoop.mapreduce.task.reduce.MergeManagerImpl: Merged 1 segments, 298739 bytes to disk to satisfy reduce memory limit
2022-03-26 21:25:03,000 INFO org.apache.hadoop.mapreduce.task.reduce.MergeManagerImpl: Merging 1 files, 298743 bytes from disk
2022-03-26 21:25:03,001 INFO org.apache.hadoop.mapreduce.task.reduce.MergeManagerImpl: Merging 0 segments, 0 bytes from memory into reduce
2022-03-26 21:25:03,013 INFO org.apache.hadoop.mapred.Merger: Merging 1 sorted segments
2022-03-26 21:25:03,014 INFO org.apache.hadoop.mapred.Merger: Down to the last merge-pass, with 1 segments left of total size: 298727 bytes
2022-03-26 21:25:03,014 INFO org.apache.hadoop.mapred.LocalJobRunner: 1 / 1 copied.
2022-03-26 21:25:03,046 INFO org.apache.hadoop.conf.Configuration.deprecation: mapred.skip.on is deprecated. Instead, use mapreduce.job.skiprecords
2022-03-26 21:25:03,650 INFO org.apache.hadoop.mapred.Task: Task:attempt_local768079582_0001_r_000000_0 is done. And is in the process of committing
2022-03-26 21:25:03,665 INFO org.apache.hadoop.mapred.LocalJobRunner: 1 / 1 copied.
2022-03-26 21:25:03,666 INFO org.apache.hadoop.mapred.Task: Task attempt_local768079582_0001_r_000000_0 is allowed to commit now
2022-03-26 21:25:03,667 INFO org.apache.hadoop.mapreduce.lib.output.FileOutputCommitter: Saved output of task 'attempt_local768079582_0001_r_000000_0' to file:/home/cloudera/workspace/MapReduceQ42/output2/_temporary/0/task_local768079582_0001_r_000000
2022-03-26 21:25:03,679 INFO org.apache.hadoop.mapred.LocalJobRunner: reduce > reduce
2022-03-26 21:25:03,682 INFO org.apache.hadoop.mapred.Task: Task 'attempt_local768079582_0001_r_000000_0' done.
2022-03-26 21:25:03,682 INFO org.apache.hadoop.mapred.LocalJobRunner: Finishing task: attempt_local768079582_0001_r_000000_0
2022-03-26 21:25:03,682 INFO org.apache.hadoop.mapred.LocalJobRunner: reduce task executor complete.
2022-03-26 21:25:03,834 INFO org.apache.hadoop.mapreduce.Job:  map 100% reduce 100%
2022-03-26 21:25:03,835 INFO org.apache.hadoop.mapreduce.Job: Job job_local768079582_0001 completed successfully
2022-03-26 21:25:03,934 INFO org.apache.hadoop.mapreduce.Job: Counters: 33
	File System Counters
		FILE: Number of bytes read=4197018
		FILE: Number of bytes written=1423789
		FILE: Number of read operations=0
		FILE: Number of large read operations=0
		FILE: Number of write operations=0
	Map-Reduce Framework
		Map input records=29985
		Map output records=18396
		Map output bytes=261945
		Map output materialized bytes=298743
		Input split bytes=116
		Combine input records=0
		Combine output records=0
		Reduce input groups=26
		Reduce shuffle bytes=298743
		Reduce input records=18396
		Reduce output records=26
		Spilled Records=36792
		Shuffled Maps =1
		Failed Shuffles=0
		Merged Map outputs=1
		GC time elapsed (ms)=141
		CPU time spent (ms)=0
		Physical memory (bytes) snapshot=0
		Virtual memory (bytes) snapshot=0
		Total committed heap usage (bytes)=331227136
	Shuffle Errors
		BAD_ID=0
		CONNECTION=0
		IO_ERROR=0
		WRONG_LENGTH=0
		WRONG_MAP=0
		WRONG_REDUCE=0
	File Input Format Counters 
		Bytes Read=1799577
	File Output Format Counters 
		Bytes Written=378
