2022-04-05 06:29:48,317 WARN org.apache.hadoop.util.NativeCodeLoader: Unable to load native-hadoop library for your platform... using builtin-java classes where applicable
2022-04-05 06:29:48,944 INFO org.apache.hadoop.conf.Configuration.deprecation: session.id is deprecated. Instead, use dfs.metrics.session-id
2022-04-05 06:29:48,952 INFO org.apache.hadoop.metrics.jvm.JvmMetrics: Initializing JVM Metrics with processName=JobTracker, sessionId=
2022-04-05 06:29:49,664 WARN org.apache.hadoop.mapreduce.JobResourceUploader: No job jar file set.  User classes may not be found. See Job or Job#setJar(String).
2022-04-05 06:29:49,690 INFO org.apache.hadoop.mapreduce.lib.input.FileInputFormat: Total input paths to process : 1
2022-04-05 06:29:49,800 INFO org.apache.hadoop.mapreduce.JobSubmitter: number of splits:1
2022-04-05 06:29:50,103 INFO org.apache.hadoop.mapreduce.JobSubmitter: Submitting tokens for job: job_local1415869704_0001
2022-04-05 06:29:50,682 INFO org.apache.hadoop.mapreduce.Job: The url to track the job: http://localhost:8080/
2022-04-05 06:29:50,685 INFO org.apache.hadoop.mapreduce.Job: Running job: job_local1415869704_0001
2022-04-05 06:29:50,701 INFO org.apache.hadoop.mapred.LocalJobRunner: OutputCommitter set in config null
2022-04-05 06:29:50,719 INFO org.apache.hadoop.mapreduce.lib.output.FileOutputCommitter: File Output Committer Algorithm version is 1
2022-04-05 06:29:50,728 INFO org.apache.hadoop.mapred.LocalJobRunner: OutputCommitter is org.apache.hadoop.mapreduce.lib.output.FileOutputCommitter
2022-04-05 06:29:50,898 INFO org.apache.hadoop.mapred.LocalJobRunner: Waiting for map tasks
2022-04-05 06:29:50,900 INFO org.apache.hadoop.mapred.LocalJobRunner: Starting task: attempt_local1415869704_0001_m_000000_0
2022-04-05 06:29:50,963 INFO org.apache.hadoop.mapreduce.lib.output.FileOutputCommitter: File Output Committer Algorithm version is 1
2022-04-05 06:29:50,991 INFO org.apache.hadoop.mapred.Task:  Using ResourceCalculatorProcessTree : [ ]
2022-04-05 06:29:50,994 INFO org.apache.hadoop.mapred.MapTask: Processing split: file:/home/cloudera/workspace/Assignment2/ex3_friend_recommendation.txt:0+4156181
2022-04-05 06:29:51,143 INFO org.apache.hadoop.mapred.MapTask: (EQUATOR) 0 kvi 26214396(104857584)
2022-04-05 06:29:51,146 INFO org.apache.hadoop.mapred.MapTask: mapreduce.task.io.sort.mb: 100
2022-04-05 06:29:51,147 INFO org.apache.hadoop.mapred.MapTask: soft limit at 83886080
2022-04-05 06:29:51,147 INFO org.apache.hadoop.mapred.MapTask: bufstart = 0; bufvoid = 104857600
2022-04-05 06:29:51,147 INFO org.apache.hadoop.mapred.MapTask: kvstart = 26214396; length = 6553600
2022-04-05 06:29:51,155 INFO org.apache.hadoop.mapred.MapTask: Map output collector class = org.apache.hadoop.mapred.MapTask$MapOutputBuffer
2022-04-05 06:29:51,699 INFO org.apache.hadoop.mapreduce.Job: Job job_local1415869704_0001 running in uber mode : false
2022-04-05 06:29:51,700 INFO org.apache.hadoop.mapreduce.Job:  map 0% reduce 0%
2022-04-05 06:29:51,752 INFO org.apache.hadoop.mapred.MapTask: Spilling map output
2022-04-05 06:29:51,756 INFO org.apache.hadoop.mapred.MapTask: bufstart = 0; bufend = 50331648; bufvoid = 104857600
2022-04-05 06:29:51,757 INFO org.apache.hadoop.mapred.MapTask: kvstart = 26214396(104857584); kvend = 17825792(71303168); length = 8388605/6553600
2022-04-05 06:29:51,757 INFO org.apache.hadoop.mapred.MapTask: (EQUATOR) 58720240 kvi 14680056(58720224)
2022-04-05 06:29:56,499 INFO org.apache.hadoop.mapred.MapTask: Finished spill 0
2022-04-05 06:29:56,502 INFO org.apache.hadoop.mapred.MapTask: (RESET) equator 58720240 kv 14680056(58720224) kvi 12582916(50331664)
2022-04-05 06:29:56,766 INFO org.apache.hadoop.mapred.MapTask: Spilling map output
2022-04-05 06:29:56,770 INFO org.apache.hadoop.mapred.MapTask: bufstart = 58720240; bufend = 4194288; bufvoid = 104857600
2022-04-05 06:29:56,771 INFO org.apache.hadoop.mapred.MapTask: kvstart = 14680056(58720224); kvend = 6291452(25165808); length = 8388605/6553600
2022-04-05 06:29:56,772 INFO org.apache.hadoop.mapred.MapTask: (EQUATOR) 12582880 kvi 3145716(12582864)
2022-04-05 06:29:57,012 INFO org.apache.hadoop.mapred.LocalJobRunner: map > map
2022-04-05 06:29:57,704 INFO org.apache.hadoop.mapreduce.Job:  map 4% reduce 0%
2022-04-05 06:30:00,014 INFO org.apache.hadoop.mapred.LocalJobRunner: map > map
2022-04-05 06:30:00,637 INFO org.apache.hadoop.mapred.MapTask: Finished spill 1
2022-04-05 06:30:00,642 INFO org.apache.hadoop.mapred.MapTask: (RESET) equator 12582880 kv 3145716(12582864) kvi 1048576(4194304)
2022-04-05 06:30:00,884 INFO org.apache.hadoop.mapred.MapTask: Spilling map output
2022-04-05 06:30:00,886 INFO org.apache.hadoop.mapred.MapTask: bufstart = 12582880; bufend = 62914528; bufvoid = 104857600
2022-04-05 06:30:00,887 INFO org.apache.hadoop.mapred.MapTask: kvstart = 3145716(12582864); kvend = 20971512(83886048); length = 8388605/6553600
2022-04-05 06:30:00,887 INFO org.apache.hadoop.mapred.MapTask: (EQUATOR) 71303120 kvi 17825776(71303104)
2022-04-05 06:30:03,017 INFO org.apache.hadoop.mapred.LocalJobRunner: map > map
2022-04-05 06:30:03,707 INFO org.apache.hadoop.mapreduce.Job:  map 6% reduce 0%
2022-04-05 06:30:04,805 INFO org.apache.hadoop.mapred.MapTask: Finished spill 2
2022-04-05 06:30:04,806 INFO org.apache.hadoop.mapred.MapTask: (RESET) equator 71303120 kv 17825776(71303104) kvi 15728636(62914544)
2022-04-05 06:30:05,076 INFO org.apache.hadoop.mapred.MapTask: Spilling map output
2022-04-05 06:30:05,080 INFO org.apache.hadoop.mapred.MapTask: bufstart = 71303120; bufend = 16777168; bufvoid = 104857600
2022-04-05 06:30:05,080 INFO org.apache.hadoop.mapred.MapTask: kvstart = 17825776(71303104); kvend = 9437172(37748688); length = 8388605/6553600
2022-04-05 06:30:05,081 INFO org.apache.hadoop.mapred.MapTask: (EQUATOR) 25165760 kvi 6291436(25165744)
2022-04-05 06:30:06,017 INFO org.apache.hadoop.mapred.LocalJobRunner: map > map
2022-04-05 06:30:06,709 INFO org.apache.hadoop.mapreduce.Job:  map 9% reduce 0%
2022-04-05 06:30:08,762 INFO org.apache.hadoop.mapred.MapTask: Finished spill 3
2022-04-05 06:30:08,764 INFO org.apache.hadoop.mapred.MapTask: (RESET) equator 25165760 kv 6291436(25165744) kvi 4194296(16777184)
2022-04-05 06:30:09,007 INFO org.apache.hadoop.mapred.MapTask: Spilling map output
2022-04-05 06:30:09,010 INFO org.apache.hadoop.mapred.MapTask: bufstart = 25165760; bufend = 75497408; bufvoid = 104857600
2022-04-05 06:30:09,010 INFO org.apache.hadoop.mapred.MapTask: kvstart = 6291436(25165744); kvend = 24117232(96468928); length = 8388605/6553600
2022-04-05 06:30:09,011 INFO org.apache.hadoop.mapred.MapTask: (EQUATOR) 83886000 kvi 20971496(83885984)
2022-04-05 06:30:09,018 INFO org.apache.hadoop.mapred.LocalJobRunner: map > map
2022-04-05 06:30:09,710 INFO org.apache.hadoop.mapreduce.Job:  map 10% reduce 0%
2022-04-05 06:30:12,019 INFO org.apache.hadoop.mapred.LocalJobRunner: map > map
2022-04-05 06:30:12,509 INFO org.apache.hadoop.mapred.MapTask: Finished spill 4
2022-04-05 06:30:12,512 INFO org.apache.hadoop.mapred.MapTask: (RESET) equator 83886000 kv 20971496(83885984) kvi 18874356(75497424)
2022-04-05 06:30:12,773 INFO org.apache.hadoop.mapred.MapTask: Spilling map output
2022-04-05 06:30:12,775 INFO org.apache.hadoop.mapred.MapTask: bufstart = 83886000; bufend = 29360048; bufvoid = 104857600
2022-04-05 06:30:12,776 INFO org.apache.hadoop.mapred.MapTask: kvstart = 20971496(83885984); kvend = 12582892(50331568); length = 8388605/6553600
2022-04-05 06:30:12,777 INFO org.apache.hadoop.mapred.MapTask: (EQUATOR) 37748640 kvi 9437156(37748624)
2022-04-05 06:30:15,019 INFO org.apache.hadoop.mapred.LocalJobRunner: map > map
2022-04-05 06:30:15,712 INFO org.apache.hadoop.mapreduce.Job:  map 13% reduce 0%
2022-04-05 06:30:16,287 INFO org.apache.hadoop.mapred.MapTask: Finished spill 5
2022-04-05 06:30:16,291 INFO org.apache.hadoop.mapred.MapTask: (RESET) equator 37748640 kv 9437156(37748624) kvi 7340016(29360064)
2022-04-05 06:30:16,563 INFO org.apache.hadoop.mapred.MapTask: Spilling map output
2022-04-05 06:30:16,567 INFO org.apache.hadoop.mapred.MapTask: bufstart = 37748640; bufend = 88080288; bufvoid = 104857600
2022-04-05 06:30:16,568 INFO org.apache.hadoop.mapred.MapTask: kvstart = 9437156(37748624); kvend = 1048552(4194208); length = 8388605/6553600
2022-04-05 06:30:16,569 INFO org.apache.hadoop.mapred.MapTask: (EQUATOR) 96468880 kvi 24117216(96468864)
2022-04-05 06:30:18,020 INFO org.apache.hadoop.mapred.LocalJobRunner: map > map
2022-04-05 06:30:18,713 INFO org.apache.hadoop.mapreduce.Job:  map 15% reduce 0%
2022-04-05 06:30:20,113 INFO org.apache.hadoop.mapred.MapTask: Finished spill 6
2022-04-05 06:30:20,119 INFO org.apache.hadoop.mapred.MapTask: (RESET) equator 96468880 kv 24117216(96468864) kvi 22020076(88080304)
2022-04-05 06:30:20,397 INFO org.apache.hadoop.mapred.MapTask: Spilling map output
2022-04-05 06:30:20,399 INFO org.apache.hadoop.mapred.MapTask: bufstart = 96468880; bufend = 41942928; bufvoid = 104857600
2022-04-05 06:30:20,400 INFO org.apache.hadoop.mapred.MapTask: kvstart = 24117216(96468864); kvend = 15728612(62914448); length = 8388605/6553600
2022-04-05 06:30:20,400 INFO org.apache.hadoop.mapred.MapTask: (EQUATOR) 50331520 kvi 12582876(50331504)
2022-04-05 06:30:21,021 INFO org.apache.hadoop.mapred.LocalJobRunner: map > map
2022-04-05 06:30:21,715 INFO org.apache.hadoop.mapreduce.Job:  map 17% reduce 0%
2022-04-05 06:30:24,023 INFO org.apache.hadoop.mapred.LocalJobRunner: map > map
2022-04-05 06:30:24,515 INFO org.apache.hadoop.mapred.MapTask: Finished spill 7
2022-04-05 06:30:24,520 INFO org.apache.hadoop.mapred.MapTask: (RESET) equator 50331520 kv 12582876(50331504) kvi 10485736(41942944)
2022-04-05 06:30:24,884 INFO org.apache.hadoop.mapred.MapTask: Spilling map output
2022-04-05 06:30:24,887 INFO org.apache.hadoop.mapred.MapTask: bufstart = 50331520; bufend = 100663168; bufvoid = 104857600
2022-04-05 06:30:24,888 INFO org.apache.hadoop.mapred.MapTask: kvstart = 12582876(50331504); kvend = 4194272(16777088); length = 8388605/6553600
2022-04-05 06:30:24,889 INFO org.apache.hadoop.mapred.MapTask: (EQUATOR) 4194160 kvi 1048536(4194144)
2022-04-05 06:30:27,023 INFO org.apache.hadoop.mapred.LocalJobRunner: map > map
2022-04-05 06:30:27,719 INFO org.apache.hadoop.mapreduce.Job:  map 19% reduce 0%
2022-04-05 06:30:29,491 INFO org.apache.hadoop.mapred.MapTask: Finished spill 8
2022-04-05 06:30:29,493 INFO org.apache.hadoop.mapred.MapTask: (RESET) equator 4194160 kv 1048536(4194144) kvi 25165796(100663184)
2022-04-05 06:30:29,761 INFO org.apache.hadoop.mapred.MapTask: Spilling map output
2022-04-05 06:30:29,768 INFO org.apache.hadoop.mapred.MapTask: bufstart = 4194160; bufend = 54525808; bufvoid = 104857600
2022-04-05 06:30:29,769 INFO org.apache.hadoop.mapred.MapTask: kvstart = 1048536(4194144); kvend = 18874332(75497328); length = 8388605/6553600
2022-04-05 06:30:29,770 INFO org.apache.hadoop.mapred.MapTask: (EQUATOR) 62914400 kvi 15728596(62914384)
2022-04-05 06:30:30,024 INFO org.apache.hadoop.mapred.LocalJobRunner: map > map
2022-04-05 06:30:30,725 INFO org.apache.hadoop.mapreduce.Job:  map 22% reduce 0%
2022-04-05 06:30:33,025 INFO org.apache.hadoop.mapred.LocalJobRunner: map > map
2022-04-05 06:30:33,348 INFO org.apache.hadoop.mapred.MapTask: Finished spill 9
2022-04-05 06:30:33,352 INFO org.apache.hadoop.mapred.MapTask: (RESET) equator 62914400 kv 15728596(62914384) kvi 13631456(54525824)
2022-04-05 06:30:33,563 INFO org.apache.hadoop.mapred.MapTask: Spilling map output
2022-04-05 06:30:33,568 INFO org.apache.hadoop.mapred.MapTask: bufstart = 62914400; bufend = 8388448; bufvoid = 104857600
2022-04-05 06:30:33,569 INFO org.apache.hadoop.mapred.MapTask: kvstart = 15728596(62914384); kvend = 7339992(29359968); length = 8388605/6553600
2022-04-05 06:30:33,569 INFO org.apache.hadoop.mapred.MapTask: (EQUATOR) 16777040 kvi 4194256(16777024)
2022-04-05 06:30:36,025 INFO org.apache.hadoop.mapred.LocalJobRunner: map > map
2022-04-05 06:30:36,728 INFO org.apache.hadoop.mapreduce.Job:  map 25% reduce 0%
2022-04-05 06:30:37,302 INFO org.apache.hadoop.mapred.MapTask: Finished spill 10
2022-04-05 06:30:37,305 INFO org.apache.hadoop.mapred.MapTask: (RESET) equator 16777040 kv 4194256(16777024) kvi 2097116(8388464)
2022-04-05 06:30:37,524 INFO org.apache.hadoop.mapred.MapTask: Spilling map output
2022-04-05 06:30:37,527 INFO org.apache.hadoop.mapred.MapTask: bufstart = 16777040; bufend = 67108688; bufvoid = 104857600
2022-04-05 06:30:37,528 INFO org.apache.hadoop.mapred.MapTask: kvstart = 4194256(16777024); kvend = 22020052(88080208); length = 8388605/6553600
2022-04-05 06:30:37,529 INFO org.apache.hadoop.mapred.MapTask: (EQUATOR) 75497280 kvi 18874316(75497264)
2022-04-05 06:30:39,026 INFO org.apache.hadoop.mapred.LocalJobRunner: map > map
2022-04-05 06:30:39,731 INFO org.apache.hadoop.mapreduce.Job:  map 29% reduce 0%
2022-04-05 06:30:41,044 INFO org.apache.hadoop.mapred.MapTask: Finished spill 11
2022-04-05 06:30:41,048 INFO org.apache.hadoop.mapred.MapTask: (RESET) equator 75497280 kv 18874316(75497264) kvi 16777176(67108704)
2022-04-05 06:30:41,265 INFO org.apache.hadoop.mapred.MapTask: Spilling map output
2022-04-05 06:30:41,266 INFO org.apache.hadoop.mapred.MapTask: bufstart = 75497280; bufend = 20971328; bufvoid = 104857600
2022-04-05 06:30:41,267 INFO org.apache.hadoop.mapred.MapTask: kvstart = 18874316(75497264); kvend = 10485712(41942848); length = 8388605/6553600
2022-04-05 06:30:41,269 INFO org.apache.hadoop.mapred.MapTask: (EQUATOR) 29359920 kvi 7339976(29359904)
2022-04-05 06:30:42,027 INFO org.apache.hadoop.mapred.LocalJobRunner: map > map
2022-04-05 06:30:42,733 INFO org.apache.hadoop.mapreduce.Job:  map 32% reduce 0%
2022-04-05 06:30:44,721 INFO org.apache.hadoop.mapred.MapTask: Finished spill 12
2022-04-05 06:30:44,723 INFO org.apache.hadoop.mapred.MapTask: (RESET) equator 29359920 kv 7339976(29359904) kvi 5242836(20971344)
2022-04-05 06:30:44,943 INFO org.apache.hadoop.mapred.MapTask: Spilling map output
2022-04-05 06:30:44,950 INFO org.apache.hadoop.mapred.MapTask: bufstart = 29359920; bufend = 79691568; bufvoid = 104857600
2022-04-05 06:30:44,951 INFO org.apache.hadoop.mapred.MapTask: kvstart = 7339976(29359904); kvend = 25165772(100663088); length = 8388605/6553600
2022-04-05 06:30:44,952 INFO org.apache.hadoop.mapred.MapTask: (EQUATOR) 88080160 kvi 22020036(88080144)
2022-04-05 06:30:45,030 INFO org.apache.hadoop.mapred.LocalJobRunner: map > map
2022-04-05 06:30:45,734 INFO org.apache.hadoop.mapreduce.Job:  map 36% reduce 0%
2022-04-05 06:30:48,031 INFO org.apache.hadoop.mapred.LocalJobRunner: map > map
2022-04-05 06:30:48,415 INFO org.apache.hadoop.mapred.MapTask: Finished spill 13
2022-04-05 06:30:48,419 INFO org.apache.hadoop.mapred.MapTask: (RESET) equator 88080160 kv 22020036(88080144) kvi 19922896(79691584)
2022-04-05 06:30:48,628 INFO org.apache.hadoop.mapred.MapTask: Spilling map output
2022-04-05 06:30:48,631 INFO org.apache.hadoop.mapred.MapTask: bufstart = 88080160; bufend = 33554208; bufvoid = 104857600
2022-04-05 06:30:48,631 INFO org.apache.hadoop.mapred.MapTask: kvstart = 22020036(88080144); kvend = 13631432(54525728); length = 8388605/6553600
2022-04-05 06:30:48,632 INFO org.apache.hadoop.mapred.MapTask: (EQUATOR) 41942800 kvi 10485696(41942784)
2022-04-05 06:30:51,035 INFO org.apache.hadoop.mapred.LocalJobRunner: map > map
2022-04-05 06:30:51,738 INFO org.apache.hadoop.mapreduce.Job:  map 40% reduce 0%
2022-04-05 06:30:52,291 INFO org.apache.hadoop.mapred.MapTask: Finished spill 14
2022-04-05 06:30:52,294 INFO org.apache.hadoop.mapred.MapTask: (RESET) equator 41942800 kv 10485696(41942784) kvi 8388556(33554224)
2022-04-05 06:30:52,506 INFO org.apache.hadoop.mapred.MapTask: Spilling map output
2022-04-05 06:30:52,511 INFO org.apache.hadoop.mapred.MapTask: bufstart = 41942800; bufend = 92274448; bufvoid = 104857600
2022-04-05 06:30:52,512 INFO org.apache.hadoop.mapred.MapTask: kvstart = 10485696(41942784); kvend = 2097092(8388368); length = 8388605/6553600
2022-04-05 06:30:52,512 INFO org.apache.hadoop.mapred.MapTask: (EQUATOR) 100663040 kvi 25165756(100663024)
2022-04-05 06:30:54,036 INFO org.apache.hadoop.mapred.LocalJobRunner: map > map
2022-04-05 06:30:54,739 INFO org.apache.hadoop.mapreduce.Job:  map 44% reduce 0%
2022-04-05 06:30:55,863 INFO org.apache.hadoop.mapred.MapTask: Finished spill 15
2022-04-05 06:30:55,867 INFO org.apache.hadoop.mapred.MapTask: (RESET) equator 100663040 kv 25165756(100663024) kvi 23068616(92274464)
2022-04-05 06:30:56,082 INFO org.apache.hadoop.mapred.MapTask: Spilling map output
2022-04-05 06:30:56,086 INFO org.apache.hadoop.mapred.MapTask: bufstart = 100663040; bufend = 46137088; bufvoid = 104857600
2022-04-05 06:30:56,087 INFO org.apache.hadoop.mapred.MapTask: kvstart = 25165756(100663024); kvend = 16777152(67108608); length = 8388605/6553600
2022-04-05 06:30:56,087 INFO org.apache.hadoop.mapred.MapTask: (EQUATOR) 54525680 kvi 13631416(54525664)
2022-04-05 06:30:57,037 INFO org.apache.hadoop.mapred.LocalJobRunner: map > map
2022-04-05 06:30:57,741 INFO org.apache.hadoop.mapreduce.Job:  map 47% reduce 0%
2022-04-05 06:31:00,038 INFO org.apache.hadoop.mapred.LocalJobRunner: map > map
2022-04-05 06:31:00,597 INFO org.apache.hadoop.mapred.MapTask: Finished spill 16
2022-04-05 06:31:00,602 INFO org.apache.hadoop.mapred.MapTask: (RESET) equator 54525680 kv 13631416(54525664) kvi 11534276(46137104)
2022-04-05 06:31:00,833 INFO org.apache.hadoop.mapred.MapTask: Spilling map output
2022-04-05 06:31:00,835 INFO org.apache.hadoop.mapred.MapTask: bufstart = 54525680; bufend = 104857328; bufvoid = 104857600
2022-04-05 06:31:00,835 INFO org.apache.hadoop.mapred.MapTask: kvstart = 13631416(54525664); kvend = 5242812(20971248); length = 8388605/6553600
2022-04-05 06:31:00,836 INFO org.apache.hadoop.mapred.MapTask: (EQUATOR) 8388320 kvi 2097076(8388304)
2022-04-05 06:31:03,038 INFO org.apache.hadoop.mapred.LocalJobRunner: map > map
2022-04-05 06:31:03,744 INFO org.apache.hadoop.mapreduce.Job:  map 53% reduce 0%
2022-04-05 06:31:04,241 INFO org.apache.hadoop.mapred.MapTask: Finished spill 17
2022-04-05 06:31:04,246 INFO org.apache.hadoop.mapred.MapTask: (RESET) equator 8388320 kv 2097076(8388304) kvi 26214336(104857344)
2022-04-05 06:31:04,459 INFO org.apache.hadoop.mapred.MapTask: Spilling map output
2022-04-05 06:31:04,460 INFO org.apache.hadoop.mapred.MapTask: bufstart = 8388320; bufend = 58719968; bufvoid = 104857600
2022-04-05 06:31:04,461 INFO org.apache.hadoop.mapred.MapTask: kvstart = 2097076(8388304); kvend = 19922872(79691488); length = 8388605/6553600
2022-04-05 06:31:04,462 INFO org.apache.hadoop.mapred.MapTask: (EQUATOR) 67108560 kvi 16777136(67108544)
2022-04-05 06:31:06,039 INFO org.apache.hadoop.mapred.LocalJobRunner: map > map
2022-04-05 06:31:06,745 INFO org.apache.hadoop.mapreduce.Job:  map 55% reduce 0%
2022-04-05 06:31:07,426 INFO org.apache.hadoop.mapred.MapTask: Finished spill 18
2022-04-05 06:31:07,430 INFO org.apache.hadoop.mapred.MapTask: (RESET) equator 67108560 kv 16777136(67108544) kvi 14679996(58719984)
2022-04-05 06:31:07,650 INFO org.apache.hadoop.mapred.MapTask: Spilling map output
2022-04-05 06:31:07,653 INFO org.apache.hadoop.mapred.MapTask: bufstart = 67108560; bufend = 12582608; bufvoid = 104857600
2022-04-05 06:31:07,655 INFO org.apache.hadoop.mapred.MapTask: kvstart = 16777136(67108544); kvend = 8388532(33554128); length = 8388605/6553600
2022-04-05 06:31:07,656 INFO org.apache.hadoop.mapred.MapTask: (EQUATOR) 20971200 kvi 5242796(20971184)
2022-04-05 06:31:09,039 INFO org.apache.hadoop.mapred.LocalJobRunner: map > map
2022-04-05 06:31:09,747 INFO org.apache.hadoop.mapreduce.Job:  map 60% reduce 0%
2022-04-05 06:31:10,702 INFO org.apache.hadoop.mapred.MapTask: Finished spill 19
2022-04-05 06:31:10,705 INFO org.apache.hadoop.mapred.MapTask: (RESET) equator 20971200 kv 5242796(20971184) kvi 3145656(12582624)
2022-04-05 06:31:10,960 INFO org.apache.hadoop.mapred.MapTask: Spilling map output
2022-04-05 06:31:10,964 INFO org.apache.hadoop.mapred.MapTask: bufstart = 20971200; bufend = 71302848; bufvoid = 104857600
2022-04-05 06:31:10,965 INFO org.apache.hadoop.mapred.MapTask: kvstart = 5242796(20971184); kvend = 23068592(92274368); length = 8388605/6553600
2022-04-05 06:31:10,966 INFO org.apache.hadoop.mapred.MapTask: (EQUATOR) 79691440 kvi 19922856(79691424)
2022-04-05 06:31:12,040 INFO org.apache.hadoop.mapred.LocalJobRunner: map > map
2022-04-05 06:31:12,762 INFO org.apache.hadoop.mapreduce.Job:  map 61% reduce 0%
2022-04-05 06:31:13,820 INFO org.apache.hadoop.mapred.MapTask: Finished spill 20
2022-04-05 06:31:13,825 INFO org.apache.hadoop.mapred.MapTask: (RESET) equator 79691440 kv 19922856(79691424) kvi 17825716(71302864)
2022-04-05 06:31:14,033 INFO org.apache.hadoop.mapred.MapTask: Spilling map output
2022-04-05 06:31:14,034 INFO org.apache.hadoop.mapred.MapTask: bufstart = 79691440; bufend = 25165488; bufvoid = 104857600
2022-04-05 06:31:14,035 INFO org.apache.hadoop.mapred.MapTask: kvstart = 19922856(79691424); kvend = 11534252(46137008); length = 8388605/6553600
2022-04-05 06:31:14,036 INFO org.apache.hadoop.mapred.MapTask: (EQUATOR) 33554080 kvi 8388516(33554064)
2022-04-05 06:31:15,040 INFO org.apache.hadoop.mapred.LocalJobRunner: map > map
2022-04-05 06:31:15,765 INFO org.apache.hadoop.mapreduce.Job:  map 64% reduce 0%
2022-04-05 06:31:16,955 INFO org.apache.hadoop.mapred.MapTask: Finished spill 21
2022-04-05 06:31:16,958 INFO org.apache.hadoop.mapred.MapTask: (RESET) equator 33554080 kv 8388516(33554064) kvi 6291376(25165504)
2022-04-05 06:31:17,122 INFO org.apache.hadoop.mapred.LocalJobRunner: map > map
2022-04-05 06:31:17,123 INFO org.apache.hadoop.mapred.MapTask: Starting flush of map output
2022-04-05 06:31:17,124 INFO org.apache.hadoop.mapred.MapTask: Spilling map output
2022-04-05 06:31:17,124 INFO org.apache.hadoop.mapred.MapTask: bufstart = 33554080; bufend = 73528864; bufvoid = 104857600
2022-04-05 06:31:17,125 INFO org.apache.hadoop.mapred.MapTask: kvstart = 8388516(33554064); kvend = 1726056(6904224); length = 6662461/6553600
2022-04-05 06:31:18,041 INFO org.apache.hadoop.mapred.LocalJobRunner: map > sort
2022-04-05 06:31:18,766 INFO org.apache.hadoop.mapreduce.Job:  map 67% reduce 0%
2022-04-05 06:31:19,578 INFO org.apache.hadoop.mapred.MapTask: Finished spill 22
2022-04-05 06:31:19,593 INFO org.apache.hadoop.mapred.Merger: Merging 23 sorted segments
2022-04-05 06:31:19,609 INFO org.apache.hadoop.mapred.Merger: Merging 5 intermediate segments out of a total of 23
2022-04-05 06:31:21,044 INFO org.apache.hadoop.mapred.LocalJobRunner: map > sort > 
2022-04-05 06:31:24,045 INFO org.apache.hadoop.mapred.LocalJobRunner: map > sort > 
2022-04-05 06:31:24,770 INFO org.apache.hadoop.mapreduce.Job:  map 68% reduce 0%
2022-04-05 06:31:27,045 INFO org.apache.hadoop.mapred.LocalJobRunner: map > sort > 
2022-04-05 06:31:27,772 INFO org.apache.hadoop.mapreduce.Job:  map 69% reduce 0%
2022-04-05 06:31:30,047 INFO org.apache.hadoop.mapred.LocalJobRunner: map > sort > 
2022-04-05 06:31:30,774 INFO org.apache.hadoop.mapreduce.Job:  map 70% reduce 0%
2022-04-05 06:31:33,048 INFO org.apache.hadoop.mapred.LocalJobRunner: map > sort > 
2022-04-05 06:31:33,328 INFO org.apache.hadoop.mapred.Merger: Merging 10 intermediate segments out of a total of 19
2022-04-05 06:31:33,943 INFO org.apache.hadoop.mapreduce.Job:  map 71% reduce 0%
2022-04-05 06:31:36,049 INFO org.apache.hadoop.mapred.LocalJobRunner: map > sort > 
2022-04-05 06:31:36,946 INFO org.apache.hadoop.mapreduce.Job:  map 72% reduce 0%
2022-04-05 06:31:39,049 INFO org.apache.hadoop.mapred.LocalJobRunner: map > sort > 
2022-04-05 06:31:39,948 INFO org.apache.hadoop.mapreduce.Job:  map 73% reduce 0%
2022-04-05 06:31:42,050 INFO org.apache.hadoop.mapred.LocalJobRunner: map > sort > 
2022-04-05 06:31:42,949 INFO org.apache.hadoop.mapreduce.Job:  map 74% reduce 0%
2022-04-05 06:31:45,051 INFO org.apache.hadoop.mapred.LocalJobRunner: map > sort > 
2022-04-05 06:31:45,950 INFO org.apache.hadoop.mapreduce.Job:  map 75% reduce 0%
2022-04-05 06:31:48,051 INFO org.apache.hadoop.mapred.LocalJobRunner: map > sort > 
2022-04-05 06:31:48,952 INFO org.apache.hadoop.mapreduce.Job:  map 76% reduce 0%
2022-04-05 06:31:51,187 INFO org.apache.hadoop.mapred.LocalJobRunner: map > sort > 
2022-04-05 06:31:51,954 INFO org.apache.hadoop.mapreduce.Job:  map 77% reduce 0%
2022-04-05 06:31:54,189 INFO org.apache.hadoop.mapred.LocalJobRunner: map > sort > 
2022-04-05 06:31:54,956 INFO org.apache.hadoop.mapreduce.Job:  map 78% reduce 0%
2022-04-05 06:31:57,189 INFO org.apache.hadoop.mapred.LocalJobRunner: map > sort > 
2022-04-05 06:31:57,958 INFO org.apache.hadoop.mapreduce.Job:  map 79% reduce 0%
2022-04-05 06:32:00,190 INFO org.apache.hadoop.mapred.LocalJobRunner: map > sort > 
2022-04-05 06:32:00,636 INFO org.apache.hadoop.mapred.Merger: Down to the last merge-pass, with 10 segments left of total size: 1242877040 bytes
2022-04-05 06:32:00,959 INFO org.apache.hadoop.mapreduce.Job:  map 80% reduce 0%
2022-04-05 06:32:03,190 INFO org.apache.hadoop.mapred.LocalJobRunner: map > sort > 
2022-04-05 06:32:03,962 INFO org.apache.hadoop.mapreduce.Job:  map 81% reduce 0%
2022-04-05 06:32:06,191 INFO org.apache.hadoop.mapred.LocalJobRunner: map > sort > 
2022-04-05 06:32:06,965 INFO org.apache.hadoop.mapreduce.Job:  map 82% reduce 0%
2022-04-05 06:32:09,192 INFO org.apache.hadoop.mapred.LocalJobRunner: map > sort > 
2022-04-05 06:32:12,195 INFO org.apache.hadoop.mapred.LocalJobRunner: map > sort > 
2022-04-05 06:32:13,039 INFO org.apache.hadoop.mapreduce.Job:  map 83% reduce 0%
2022-04-05 06:32:15,196 INFO org.apache.hadoop.mapred.LocalJobRunner: map > sort > 
2022-04-05 06:32:16,045 INFO org.apache.hadoop.mapreduce.Job:  map 84% reduce 0%
2022-04-05 06:32:18,197 INFO org.apache.hadoop.mapred.LocalJobRunner: map > sort > 
2022-04-05 06:32:19,046 INFO org.apache.hadoop.mapreduce.Job:  map 85% reduce 0%
2022-04-05 06:32:21,197 INFO org.apache.hadoop.mapred.LocalJobRunner: map > sort > 
2022-04-05 06:32:22,049 INFO org.apache.hadoop.mapreduce.Job:  map 86% reduce 0%
2022-04-05 06:32:24,198 INFO org.apache.hadoop.mapred.LocalJobRunner: map > sort > 
2022-04-05 06:32:25,051 INFO org.apache.hadoop.mapreduce.Job:  map 87% reduce 0%
2022-04-05 06:32:27,199 INFO org.apache.hadoop.mapred.LocalJobRunner: map > sort > 
2022-04-05 06:32:28,053 INFO org.apache.hadoop.mapreduce.Job:  map 88% reduce 0%
2022-04-05 06:32:30,199 INFO org.apache.hadoop.mapred.LocalJobRunner: map > sort > 
2022-04-05 06:32:31,055 INFO org.apache.hadoop.mapreduce.Job:  map 90% reduce 0%
2022-04-05 06:32:33,200 INFO org.apache.hadoop.mapred.LocalJobRunner: map > sort > 
2022-04-05 06:32:34,080 INFO org.apache.hadoop.mapreduce.Job:  map 91% reduce 0%
2022-04-05 06:32:36,201 INFO org.apache.hadoop.mapred.LocalJobRunner: map > sort > 
2022-04-05 06:32:37,082 INFO org.apache.hadoop.mapreduce.Job:  map 92% reduce 0%
2022-04-05 06:32:39,201 INFO org.apache.hadoop.mapred.LocalJobRunner: map > sort > 
2022-04-05 06:32:42,202 INFO org.apache.hadoop.mapred.LocalJobRunner: map > sort > 
2022-04-05 06:32:43,092 INFO org.apache.hadoop.mapreduce.Job:  map 93% reduce 0%
2022-04-05 06:32:45,202 INFO org.apache.hadoop.mapred.LocalJobRunner: map > sort > 
2022-04-05 06:32:46,094 INFO org.apache.hadoop.mapreduce.Job:  map 94% reduce 0%
2022-04-05 06:32:48,203 INFO org.apache.hadoop.mapred.LocalJobRunner: map > sort > 
2022-04-05 06:32:51,204 INFO org.apache.hadoop.mapred.LocalJobRunner: map > sort > 
2022-04-05 06:32:52,124 INFO org.apache.hadoop.mapreduce.Job:  map 95% reduce 0%
2022-04-05 06:32:54,205 INFO org.apache.hadoop.mapred.LocalJobRunner: map > sort > 
2022-04-05 06:32:55,126 INFO org.apache.hadoop.mapreduce.Job:  map 96% reduce 0%
2022-04-05 06:32:57,205 INFO org.apache.hadoop.mapred.LocalJobRunner: map > sort > 
2022-04-05 06:32:58,127 INFO org.apache.hadoop.mapreduce.Job:  map 97% reduce 0%
2022-04-05 06:33:00,206 INFO org.apache.hadoop.mapred.LocalJobRunner: map > sort > 
2022-04-05 06:33:01,129 INFO org.apache.hadoop.mapreduce.Job:  map 98% reduce 0%
2022-04-05 06:33:03,234 INFO org.apache.hadoop.mapred.LocalJobRunner: map > sort > 
2022-04-05 06:33:06,235 INFO org.apache.hadoop.mapred.LocalJobRunner: map > sort > 
2022-04-05 06:33:07,132 INFO org.apache.hadoop.mapreduce.Job:  map 99% reduce 0%
2022-04-05 06:33:09,236 INFO org.apache.hadoop.mapred.LocalJobRunner: map > sort > 
2022-04-05 06:33:10,135 INFO org.apache.hadoop.mapreduce.Job:  map 100% reduce 0%
2022-04-05 06:33:10,713 INFO org.apache.hadoop.mapred.Task: Task:attempt_local1415869704_0001_m_000000_0 is done. And is in the process of committing
2022-04-05 06:33:10,725 INFO org.apache.hadoop.mapred.LocalJobRunner: map > sort
2022-04-05 06:33:10,725 INFO org.apache.hadoop.mapred.Task: Task 'attempt_local1415869704_0001_m_000000_0' done.
2022-04-05 06:33:10,725 INFO org.apache.hadoop.mapred.LocalJobRunner: Finishing task: attempt_local1415869704_0001_m_000000_0
2022-04-05 06:33:10,726 INFO org.apache.hadoop.mapred.LocalJobRunner: map task executor complete.
2022-04-05 06:33:10,737 INFO org.apache.hadoop.mapred.LocalJobRunner: Waiting for reduce tasks
2022-04-05 06:33:10,741 INFO org.apache.hadoop.mapred.LocalJobRunner: Starting task: attempt_local1415869704_0001_r_000000_0
2022-04-05 06:33:10,756 INFO org.apache.hadoop.mapreduce.lib.output.FileOutputCommitter: File Output Committer Algorithm version is 1
2022-04-05 06:33:10,757 INFO org.apache.hadoop.mapred.Task:  Using ResourceCalculatorProcessTree : [ ]
2022-04-05 06:33:10,771 INFO org.apache.hadoop.mapred.ReduceTask: Using ShuffleConsumerPlugin: org.apache.hadoop.mapreduce.task.reduce.Shuffle@7313c51
2022-04-05 06:33:10,834 INFO org.apache.hadoop.mapreduce.task.reduce.MergeManagerImpl: MergerManager: memoryLimit=679778688, maxSingleShuffleLimit=169944672, mergeThreshold=448653952, ioSortFactor=10, memToMemMergeOutputsThreshold=10
2022-04-05 06:33:10,841 INFO org.apache.hadoop.mapreduce.task.reduce.EventFetcher: attempt_local1415869704_0001_r_000000_0 Thread started: EventFetcher for fetching Map Completion Events
2022-04-05 06:33:10,884 INFO org.apache.hadoop.mapreduce.task.reduce.MergeManagerImpl: attempt_local1415869704_0001_m_000000_0: Shuffling to disk since 1242876962 is greater than maxSingleShuffleLimit (169944672)
2022-04-05 06:33:10,915 INFO org.apache.hadoop.mapreduce.task.reduce.LocalFetcher: localfetcher#1 about to shuffle output of map attempt_local1415869704_0001_m_000000_0 decomp: 1242876962 len: 1242876966 to DISK
2022-04-05 06:33:16,760 INFO org.apache.hadoop.mapred.LocalJobRunner: reduce > copy
2022-04-05 06:33:19,762 INFO org.apache.hadoop.mapred.LocalJobRunner: reduce > copy
2022-04-05 06:33:22,787 INFO org.apache.hadoop.mapred.LocalJobRunner: reduce > copy
2022-04-05 06:33:25,622 INFO org.apache.hadoop.mapreduce.task.reduce.OnDiskMapOutput: Read 1242876966 bytes from map-output for attempt_local1415869704_0001_m_000000_0
2022-04-05 06:33:25,628 INFO org.apache.hadoop.mapreduce.task.reduce.EventFetcher: EventFetcher is interrupted.. Returning
2022-04-05 06:33:25,631 INFO org.apache.hadoop.mapred.LocalJobRunner: 1 / 1 copied.
2022-04-05 06:33:25,632 INFO org.apache.hadoop.mapreduce.task.reduce.MergeManagerImpl: finalMerge called with 0 in-memory map-outputs and 1 on-disk map-outputs
2022-04-05 06:33:25,633 INFO org.apache.hadoop.mapreduce.task.reduce.MergeManagerImpl: Merging 1 files, 1242876966 bytes from disk
2022-04-05 06:33:25,634 INFO org.apache.hadoop.mapreduce.task.reduce.MergeManagerImpl: Merging 0 segments, 0 bytes from memory into reduce
2022-04-05 06:33:25,634 INFO org.apache.hadoop.mapred.Merger: Merging 1 sorted segments
2022-04-05 06:33:25,635 INFO org.apache.hadoop.mapred.Merger: Down to the last merge-pass, with 1 segments left of total size: 1242876952 bytes
2022-04-05 06:33:25,636 INFO org.apache.hadoop.mapred.LocalJobRunner: 1 / 1 copied.
2022-04-05 06:33:25,659 INFO org.apache.hadoop.conf.Configuration.deprecation: mapred.skip.on is deprecated. Instead, use mapreduce.job.skiprecords
2022-04-05 06:33:25,790 INFO org.apache.hadoop.mapred.LocalJobRunner: reduce > reduce
2022-04-05 06:33:26,143 INFO org.apache.hadoop.mapreduce.Job:  map 100% reduce 67%
2022-04-05 06:33:28,791 INFO org.apache.hadoop.mapred.LocalJobRunner: reduce > reduce
2022-04-05 06:33:29,202 INFO org.apache.hadoop.mapreduce.Job:  map 100% reduce 68%
2022-04-05 06:33:31,792 INFO org.apache.hadoop.mapred.LocalJobRunner: reduce > reduce
2022-04-05 06:33:32,223 INFO org.apache.hadoop.mapreduce.Job:  map 100% reduce 70%
2022-04-05 06:33:34,792 INFO org.apache.hadoop.mapred.LocalJobRunner: reduce > reduce
2022-04-05 06:33:35,224 INFO org.apache.hadoop.mapreduce.Job:  map 100% reduce 72%
2022-04-05 06:33:37,793 INFO org.apache.hadoop.mapred.LocalJobRunner: reduce > reduce
2022-04-05 06:33:38,226 INFO org.apache.hadoop.mapreduce.Job:  map 100% reduce 73%
2022-04-05 06:33:40,793 INFO org.apache.hadoop.mapred.LocalJobRunner: reduce > reduce
2022-04-05 06:33:41,227 INFO org.apache.hadoop.mapreduce.Job:  map 100% reduce 75%
2022-04-05 06:33:43,796 INFO org.apache.hadoop.mapred.LocalJobRunner: reduce > reduce
2022-04-05 06:33:44,229 INFO org.apache.hadoop.mapreduce.Job:  map 100% reduce 77%
2022-04-05 06:33:46,797 INFO org.apache.hadoop.mapred.LocalJobRunner: reduce > reduce
2022-04-05 06:33:47,231 INFO org.apache.hadoop.mapreduce.Job:  map 100% reduce 79%
2022-04-05 06:33:49,799 INFO org.apache.hadoop.mapred.LocalJobRunner: reduce > reduce
2022-04-05 06:33:50,232 INFO org.apache.hadoop.mapreduce.Job:  map 100% reduce 81%
2022-04-05 06:33:52,799 INFO org.apache.hadoop.mapred.LocalJobRunner: reduce > reduce
2022-04-05 06:33:53,233 INFO org.apache.hadoop.mapreduce.Job:  map 100% reduce 83%
2022-04-05 06:33:55,800 INFO org.apache.hadoop.mapred.LocalJobRunner: reduce > reduce
2022-04-05 06:33:56,235 INFO org.apache.hadoop.mapreduce.Job:  map 100% reduce 85%
2022-04-05 06:33:58,801 INFO org.apache.hadoop.mapred.LocalJobRunner: reduce > reduce
2022-04-05 06:33:59,236 INFO org.apache.hadoop.mapreduce.Job:  map 100% reduce 88%
2022-04-05 06:34:01,801 INFO org.apache.hadoop.mapred.LocalJobRunner: reduce > reduce
2022-04-05 06:34:02,237 INFO org.apache.hadoop.mapreduce.Job:  map 100% reduce 90%
2022-04-05 06:34:04,802 INFO org.apache.hadoop.mapred.LocalJobRunner: reduce > reduce
2022-04-05 06:34:05,238 INFO org.apache.hadoop.mapreduce.Job:  map 100% reduce 93%
2022-04-05 06:34:07,803 INFO org.apache.hadoop.mapred.LocalJobRunner: reduce > reduce
2022-04-05 06:34:08,240 INFO org.apache.hadoop.mapreduce.Job:  map 100% reduce 94%
2022-04-05 06:34:10,803 INFO org.apache.hadoop.mapred.LocalJobRunner: reduce > reduce
2022-04-05 06:34:11,241 INFO org.apache.hadoop.mapreduce.Job:  map 100% reduce 97%
2022-04-05 06:34:13,804 INFO org.apache.hadoop.mapred.LocalJobRunner: reduce > reduce
2022-04-05 06:34:14,252 INFO org.apache.hadoop.mapreduce.Job:  map 100% reduce 99%
2022-04-05 06:34:15,506 INFO org.apache.hadoop.mapred.Task: Task:attempt_local1415869704_0001_r_000000_0 is done. And is in the process of committing
2022-04-05 06:34:15,511 INFO org.apache.hadoop.mapred.LocalJobRunner: reduce > reduce
2022-04-05 06:34:15,512 INFO org.apache.hadoop.mapred.Task: Task attempt_local1415869704_0001_r_000000_0 is allowed to commit now
2022-04-05 06:34:15,514 INFO org.apache.hadoop.mapreduce.lib.output.FileOutputCommitter: Saved output of task 'attempt_local1415869704_0001_r_000000_0' to file:/home/cloudera/workspace/Assignment2/output/_temporary/0/task_local1415869704_0001_r_000000
2022-04-05 06:34:15,516 INFO org.apache.hadoop.mapred.LocalJobRunner: reduce > reduce
2022-04-05 06:34:15,518 INFO org.apache.hadoop.mapred.Task: Task 'attempt_local1415869704_0001_r_000000_0' done.
2022-04-05 06:34:15,519 INFO org.apache.hadoop.mapred.LocalJobRunner: Finishing task: attempt_local1415869704_0001_r_000000_0
2022-04-05 06:34:15,520 INFO org.apache.hadoop.mapred.LocalJobRunner: reduce task executor complete.
2022-04-05 06:34:16,253 INFO org.apache.hadoop.mapreduce.Job:  map 100% reduce 100%
2022-04-05 06:34:16,253 INFO org.apache.hadoop.mapreduce.Job: Job job_local1415869704_0001 completed successfully
2022-04-05 06:34:16,281 INFO org.apache.hadoop.mapreduce.Job: Counters: 33
	File System Counters
		FILE: Number of bytes read=6593159620
		FILE: Number of bytes written=7841039030
		FILE: Number of read operations=0
		FILE: Number of large read operations=0
		FILE: Number of write operations=0
	Map-Reduce Framework
		Map input records=49995
		Map output records=47802960
		Map output bytes=1147271040
		Map output materialized bytes=1242876966
		Input split bytes=136
		Combine input records=0
		Combine output records=0
		Reduce input groups=49124
		Reduce shuffle bytes=1242876966
		Reduce input records=47802960
		Reduce output records=49124
		Spilled Records=174434624
		Shuffled Maps =1
		Failed Shuffles=0
		Merged Map outputs=1
		GC time elapsed (ms)=365
		CPU time spent (ms)=0
		Physical memory (bytes) snapshot=0
		Virtual memory (bytes) snapshot=0
		Total committed heap usage (bytes)=331227136
	Shuffle Errors
		BAD_ID=0
		CONNECTION=0
		IO_ERROR=0
		WRONG_LENGTH=0
		WRONG_MAP=0
		WRONG_REDUCE=0
	File Input Format Counters 
		Bytes Read=4156181
	File Output Format Counters 
		Bytes Written=3075074
