The algorithm for chess.dat.txt using the simple, randomized algorithm used   0.2 seconds and  13.9 megabyte in sample size of     1 percent

----------------------------------------------------------------------

The algorithm for chess.dat.txt using the SON algorithm used   0.2 seconds and   0.0 megabyte in sample size of     1 percent

----------------------------------------------------------------------


----------------------------------------------------------------------

The algorithm for chess.dat.txt using the simple, randomized algorithm used   0.3 seconds and  15.0 megabyte in sample size of     2 percent

----------------------------------------------------------------------

The algorithm for chess.dat.txt using the SON algorithm used   0.3 seconds and   0.0 megabyte in sample size of     2 percent

----------------------------------------------------------------------


----------------------------------------------------------------------

The algorithm for chess.dat.txt using the simple, randomized algorithm used   0.4 seconds and  15.1 megabyte in sample size of     5 percent

----------------------------------------------------------------------

The algorithm for chess.dat.txt using the SON algorithm used   0.4 seconds and   0.0 megabyte in sample size of     5 percent

----------------------------------------------------------------------


----------------------------------------------------------------------

The algorithm for chess.dat.txt using the simple, randomized algorithm used   0.6 seconds and  15.3 megabyte in sample size of    10 percent

----------------------------------------------------------------------

The algorithm for chess.dat.txt using the SON algorithm used   0.6 seconds and   0.0 megabyte in sample size of    10 percent

----------------------------------------------------------------------


----------------------------------------------------------------------

The algorithm for T10I4D100K.dat.txt using the simple, randomized algorithm used   1.1 seconds and  30.6 megabyte in sample size of     1 percent

----------------------------------------------------------------------

The algorithm for T10I4D100K.dat.txt using the SON algorithm used   1.1 seconds and   0.0 megabyte in sample size of     1 percent

----------------------------------------------------------------------


----------------------------------------------------------------------

The algorithm for T10I4D100K.dat.txt using the simple, randomized algorithm used   2.2 seconds and  31.5 megabyte in sample size of     2 percent

----------------------------------------------------------------------

The algorithm for T10I4D100K.dat.txt using the SON algorithm used   2.2 seconds and   0.0 megabyte in sample size of     2 percent

----------------------------------------------------------------------


----------------------------------------------------------------------

The algorithm for T10I4D100K.dat.txt using the simple, randomized algorithm used   4.8 seconds and  31.5 megabyte in sample size of     5 percent

----------------------------------------------------------------------

The algorithm for T10I4D100K.dat.txt using the SON algorithm used   4.8 seconds and   0.0 megabyte in sample size of     5 percent

----------------------------------------------------------------------


----------------------------------------------------------------------

The algorithm for T10I4D100K.dat.txt using the simple, randomized algorithm used  10.0 seconds and  32.7 megabyte in sample size of    10 percent

----------------------------------------------------------------------

The algorithm for T10I4D100K.dat.txt using the SON algorithm used  10.0 seconds and   0.0 megabyte in sample size of    10 percent

----------------------------------------------------------------------


----------------------------------------------------------------------

The algorithm for .DS_Store using the simple, randomized algorithm used   9.8 seconds and  32.7 megabyte in sample size of     1 percent

----------------------------------------------------------------------

The algorithm for .DS_Store using the SON algorithm used   9.8 seconds and   0.0 megabyte in sample size of     1 percent

----------------------------------------------------------------------


----------------------------------------------------------------------

The algorithm for .DS_Store using the simple, randomized algorithm used   9.9 seconds and  32.7 megabyte in sample size of     2 percent

----------------------------------------------------------------------

The algorithm for .DS_Store using the SON algorithm used   9.9 seconds and   0.0 megabyte in sample size of     2 percent

----------------------------------------------------------------------


----------------------------------------------------------------------

The algorithm for .DS_Store using the simple, randomized algorithm used   9.9 seconds and  32.7 megabyte in sample size of     5 percent

----------------------------------------------------------------------

The algorithm for .DS_Store using the SON algorithm used   9.9 seconds and   0.0 megabyte in sample size of     5 percent

----------------------------------------------------------------------


----------------------------------------------------------------------

The algorithm for .DS_Store using the simple, randomized algorithm used   9.9 seconds and  32.7 megabyte in sample size of    10 percent

----------------------------------------------------------------------

The algorithm for .DS_Store using the SON algorithm used   9.9 seconds and   0.0 megabyte in sample size of    10 percent

----------------------------------------------------------------------


----------------------------------------------------------------------

The algorithm for pumsb_star.dat.txt using the simple, randomized algorithm used  10.3 seconds and  34.3 megabyte in sample size of     1 percent

----------------------------------------------------------------------

The algorithm for pumsb_star.dat.txt using the SON algorithm used  10.3 seconds and   0.0 megabyte in sample size of     1 percent

----------------------------------------------------------------------


----------------------------------------------------------------------

The algorithm for pumsb_star.dat.txt using the simple, randomized algorithm used  10.9 seconds and  34.3 megabyte in sample size of     2 percent

----------------------------------------------------------------------

The algorithm for pumsb_star.dat.txt using the SON algorithm used  10.9 seconds and   0.0 megabyte in sample size of     2 percent

----------------------------------------------------------------------


----------------------------------------------------------------------

The algorithm for pumsb_star.dat.txt using the simple, randomized algorithm used  12.5 seconds and  35.2 megabyte in sample size of     5 percent

----------------------------------------------------------------------

The algorithm for pumsb_star.dat.txt using the SON algorithm used  12.5 seconds and   0.0 megabyte in sample size of     5 percent

----------------------------------------------------------------------


----------------------------------------------------------------------

The algorithm for pumsb_star.dat.txt using the simple, randomized algorithm used  15.6 seconds and  40.5 megabyte in sample size of    10 percent

----------------------------------------------------------------------

The algorithm for pumsb_star.dat.txt using the SON algorithm used  15.6 seconds and   0.0 megabyte in sample size of    10 percent

----------------------------------------------------------------------


----------------------------------------------------------------------

The algorithm for connect.dat.txt using the simple, randomized algorithm used  15.9 seconds and  41.1 megabyte in sample size of     1 percent

----------------------------------------------------------------------

The algorithm for connect.dat.txt using the SON algorithm used  15.9 seconds and   0.0 megabyte in sample size of     1 percent

----------------------------------------------------------------------


----------------------------------------------------------------------

The algorithm for connect.dat.txt using the simple, randomized algorithm used  16.7 seconds and  41.1 megabyte in sample size of     2 percent

----------------------------------------------------------------------

The algorithm for connect.dat.txt using the SON algorithm used  16.7 seconds and   0.0 megabyte in sample size of     2 percent

----------------------------------------------------------------------


----------------------------------------------------------------------

The algorithm for connect.dat.txt using the simple, randomized algorithm used  18.7 seconds and  44.6 megabyte in sample size of     5 percent

----------------------------------------------------------------------

The algorithm for connect.dat.txt using the SON algorithm used  18.7 seconds and   0.0 megabyte in sample size of     5 percent

----------------------------------------------------------------------


----------------------------------------------------------------------

The algorithm for connect.dat.txt using the simple, randomized algorithm used  24.6 seconds and  50.0 megabyte in sample size of    10 percent

----------------------------------------------------------------------

The algorithm for connect.dat.txt using the SON algorithm used  24.6 seconds and   0.0 megabyte in sample size of    10 percent

----------------------------------------------------------------------


----------------------------------------------------------------------

The algorithm for T40I10D100K.dat.txt using the simple, randomized algorithm used  23.7 seconds and  52.7 megabyte in sample size of     1 percent

----------------------------------------------------------------------

The algorithm for T40I10D100K.dat.txt using the SON algorithm used  23.7 seconds and   0.0 megabyte in sample size of     1 percent

----------------------------------------------------------------------


----------------------------------------------------------------------

The algorithm for T40I10D100K.dat.txt using the simple, randomized algorithm used  24.9 seconds and  54.7 megabyte in sample size of     2 percent

----------------------------------------------------------------------

The algorithm for T40I10D100K.dat.txt using the SON algorithm used  24.9 seconds and   0.0 megabyte in sample size of     2 percent

----------------------------------------------------------------------


----------------------------------------------------------------------

The algorithm for T40I10D100K.dat.txt using the simple, randomized algorithm used  28.4 seconds and  59.4 megabyte in sample size of     5 percent

----------------------------------------------------------------------

The algorithm for T40I10D100K.dat.txt using the SON algorithm used  28.4 seconds and   0.0 megabyte in sample size of     5 percent

----------------------------------------------------------------------


----------------------------------------------------------------------

The algorithm for T40I10D100K.dat.txt using the simple, randomized algorithm used  35.0 seconds and  68.9 megabyte in sample size of    10 percent

----------------------------------------------------------------------

The algorithm for T40I10D100K.dat.txt using the SON algorithm used  35.0 seconds and   0.0 megabyte in sample size of    10 percent

----------------------------------------------------------------------


----------------------------------------------------------------------

The algorithm for mushroom.dat.txt using the simple, randomized algorithm used  34.1 seconds and  68.9 megabyte in sample size of     1 percent

----------------------------------------------------------------------

The algorithm for mushroom.dat.txt using the SON algorithm used  34.1 seconds and   0.0 megabyte in sample size of     1 percent

----------------------------------------------------------------------


----------------------------------------------------------------------

The algorithm for mushroom.dat.txt using the simple, randomized algorithm used  36.4 seconds and  68.9 megabyte in sample size of     2 percent

----------------------------------------------------------------------

The algorithm for mushroom.dat.txt using the SON algorithm used  36.4 seconds and   0.0 megabyte in sample size of     2 percent

----------------------------------------------------------------------


----------------------------------------------------------------------

The algorithm for mushroom.dat.txt using the simple, randomized algorithm used  37.0 seconds and  68.9 megabyte in sample size of     5 percent

----------------------------------------------------------------------

The algorithm for mushroom.dat.txt using the SON algorithm used  37.0 seconds and   0.0 megabyte in sample size of     5 percent

----------------------------------------------------------------------


----------------------------------------------------------------------

The algorithm for mushroom.dat.txt using the simple, randomized algorithm used  36.0 seconds and  68.9 megabyte in sample size of    10 percent

----------------------------------------------------------------------

The algorithm for mushroom.dat.txt using the SON algorithm used  36.0 seconds and   0.0 megabyte in sample size of    10 percent

----------------------------------------------------------------------


----------------------------------------------------------------------

The algorithm for pumsb.dat.txt using the simple, randomized algorithm used  35.9 seconds and  70.0 megabyte in sample size of     1 percent

----------------------------------------------------------------------

The algorithm for pumsb.dat.txt using the SON algorithm used  35.9 seconds and   0.0 megabyte in sample size of     1 percent

----------------------------------------------------------------------


----------------------------------------------------------------------

The algorithm for pumsb.dat.txt using the simple, randomized algorithm used  36.4 seconds and  71.4 megabyte in sample size of     2 percent

----------------------------------------------------------------------

The algorithm for pumsb.dat.txt using the SON algorithm used  36.4 seconds and   0.0 megabyte in sample size of     2 percent

----------------------------------------------------------------------


----------------------------------------------------------------------

The algorithm for pumsb.dat.txt using the simple, randomized algorithm used  38.1 seconds and  74.3 megabyte in sample size of     5 percent

----------------------------------------------------------------------

The algorithm for pumsb.dat.txt using the SON algorithm used  38.1 seconds and   0.0 megabyte in sample size of     5 percent

----------------------------------------------------------------------


----------------------------------------------------------------------

The algorithm for pumsb.dat.txt using the simple, randomized algorithm used  41.6 seconds and  80.7 megabyte in sample size of    10 percent

----------------------------------------------------------------------

The algorithm for pumsb.dat.txt using the SON algorithm used  41.6 seconds and   0.0 megabyte in sample size of    10 percent

----------------------------------------------------------------------


----------------------------------------------------------------------

The algorithm for chess.dat.txt using the simple, randomized algorithm used   0.3 seconds and  14.5 megabyte in sample size of     1 percent

----------------------------------------------------------------------

The algorithm for chess.dat.txt using the simple, randomized algorithm used   0.3 seconds and  14.1 megabyte in sample size of     1 percent

----------------------------------------------------------------------

The algorithm for chess.dat.txt using the simple, randomized algorithm used   0.2 seconds and  14.1 megabyte in sample size of     1 percent

----------------------------------------------------------------------

The algorithm for chess.dat.txt using the simple, randomized algorithm used   0.2 seconds and  13.7 megabyte in sample size of     1 percent

----------------------------------------------------------------------

The algorithm for chess.dat.txt using the simple, randomized algorithm used   0.3 seconds and  14.2 megabyte in sample size of     1 percent

----------------------------------------------------------------------

The algorithm for chess.dat.txt using the simple, randomized algorithm used   0.3 seconds and  14.4 megabyte in sample size of     1 percent

----------------------------------------------------------------------

The algorithm for chess.dat.txt using the simple, randomized algorithm used   0.2 seconds and  13.8 megabyte in sample size of     1 percent

----------------------------------------------------------------------

The algorithm for chess.dat.txt using the simple, randomized algorithm used   0.2 seconds and  14.2 megabyte in sample size of     1 percent

----------------------------------------------------------------------

The algorithm for chess.dat.txt using the simple, randomized algorithm used   0.2 seconds and  14.2 megabyte in sample size of     1 percent

----------------------------------------------------------------------

The algorithm for chess.dat.txt using the simple, randomized algorithm used   0.2 seconds and  14.3 megabyte in sample size of     1 percent

----------------------------------------------------------------------

The algorithm for chess.dat.txt using the simple, randomized algorithm used   0.2 seconds and  14.1 megabyte in sample size of     1 percent

----------------------------------------------------------------------

The algorithm for chess.dat.txt using the SON algorithm used   0.4 seconds and   1.9 megabyte in sample size of     1 percent

----------------------------------------------------------------------


----------------------------------------------------------------------

The algorithm for chess.dat.txt using the simple, randomized algorithm used   0.3 seconds and  16.7 megabyte in sample size of     2 percent

----------------------------------------------------------------------

The algorithm for chess.dat.txt using the SON algorithm used   0.4 seconds and   0.1 megabyte in sample size of     2 percent

----------------------------------------------------------------------


----------------------------------------------------------------------

The algorithm for chess.dat.txt using the simple, randomized algorithm used   0.4 seconds and  16.8 megabyte in sample size of     5 percent

----------------------------------------------------------------------

The algorithm for chess.dat.txt using the SON algorithm used   0.5 seconds and   0.2 megabyte in sample size of     5 percent

----------------------------------------------------------------------


----------------------------------------------------------------------

The algorithm for chess.dat.txt using the simple, randomized algorithm used   0.6 seconds and  17.5 megabyte in sample size of    10 percent

----------------------------------------------------------------------

The algorithm for chess.dat.txt using the SON algorithm used   0.7 seconds and   0.8 megabyte in sample size of    10 percent

----------------------------------------------------------------------


----------------------------------------------------------------------

The algorithm for T10I4D100K.dat.txt using the simple, randomized algorithm used   1.1 seconds and  33.5 megabyte in sample size of     1 percent

----------------------------------------------------------------------

The algorithm for T10I4D100K.dat.txt using the SON algorithm used   1.3 seconds and   0.0 megabyte in sample size of     1 percent

----------------------------------------------------------------------


----------------------------------------------------------------------

The algorithm for T10I4D100K.dat.txt using the simple, randomized algorithm used   2.3 seconds and  35.3 megabyte in sample size of     2 percent

----------------------------------------------------------------------

The algorithm for T10I4D100K.dat.txt using the SON algorithm used   2.4 seconds and   0.0 megabyte in sample size of     2 percent

----------------------------------------------------------------------


----------------------------------------------------------------------

The algorithm for T10I4D100K.dat.txt using the simple, randomized algorithm used   4.7 seconds and  38.3 megabyte in sample size of     5 percent

----------------------------------------------------------------------

The algorithm for T10I4D100K.dat.txt using the SON algorithm used   5.0 seconds and   0.0 megabyte in sample size of     5 percent

----------------------------------------------------------------------


----------------------------------------------------------------------

The algorithm for T10I4D100K.dat.txt using the simple, randomized algorithm used  10.0 seconds and  40.3 megabyte in sample size of    10 percent

----------------------------------------------------------------------

The algorithm for T10I4D100K.dat.txt using the SON algorithm used  10.3 seconds and   0.0 megabyte in sample size of    10 percent

----------------------------------------------------------------------


----------------------------------------------------------------------

The algorithm for chess.dat.txt using the simple, randomized algorithm used   0.2 seconds and  13.9 megabyte in sample size of     1 percent

----------------------------------------------------------------------

The algorithm for chess.dat.txt using the SON algorithm used   0.4 seconds and   2.0 megabyte in sample size of     1 percent

----------------------------------------------------------------------


----------------------------------------------------------------------

The algorithm for chess.dat.txt using the simple, randomized algorithm used   0.3 seconds and  16.6 megabyte in sample size of     2 percent

----------------------------------------------------------------------

The algorithm for chess.dat.txt using the SON algorithm used   0.4 seconds and   0.6 megabyte in sample size of     2 percent

----------------------------------------------------------------------


----------------------------------------------------------------------

The algorithm for chess.dat.txt using the simple, randomized algorithm used   0.4 seconds and  17.2 megabyte in sample size of     5 percent

----------------------------------------------------------------------

The algorithm for chess.dat.txt using the SON algorithm used   0.5 seconds and   0.4 megabyte in sample size of     5 percent

----------------------------------------------------------------------


----------------------------------------------------------------------

The algorithm for chess.dat.txt using the simple, randomized algorithm used   0.6 seconds and  18.0 megabyte in sample size of    10 percent

----------------------------------------------------------------------

The algorithm for chess.dat.txt using the SON algorithm used   0.7 seconds and   1.0 megabyte in sample size of    10 percent

----------------------------------------------------------------------


----------------------------------------------------------------------

The algorithm for T10I4D100K.dat.txt using the simple, randomized algorithm used   1.1 seconds and  34.4 megabyte in sample size of     1 percent

----------------------------------------------------------------------

The algorithm for T10I4D100K.dat.txt using the SON algorithm used   1.3 seconds and   0.0 megabyte in sample size of     1 percent

----------------------------------------------------------------------


----------------------------------------------------------------------

The algorithm for T10I4D100K.dat.txt using the simple, randomized algorithm used   2.3 seconds and  36.2 megabyte in sample size of     2 percent

----------------------------------------------------------------------

The algorithm for T10I4D100K.dat.txt using the SON algorithm used   2.5 seconds and   0.0 megabyte in sample size of     2 percent

----------------------------------------------------------------------


----------------------------------------------------------------------

The algorithm for T10I4D100K.dat.txt using the simple, randomized algorithm used   4.6 seconds and  36.2 megabyte in sample size of     5 percent

----------------------------------------------------------------------

The algorithm for T10I4D100K.dat.txt using the SON algorithm used   4.8 seconds and   0.0 megabyte in sample size of     5 percent

----------------------------------------------------------------------


----------------------------------------------------------------------

The algorithm for T10I4D100K.dat.txt using the simple, randomized algorithm used   9.8 seconds and  43.3 megabyte in sample size of    10 percent

----------------------------------------------------------------------

The algorithm for T10I4D100K.dat.txt using the SON algorithm used  10.1 seconds and   0.0 megabyte in sample size of    10 percent

----------------------------------------------------------------------


----------------------------------------------------------------------

The algorithm for .DS_Store using the simple, randomized algorithm used   9.7 seconds and  53.3 megabyte in sample size of     1 percent

----------------------------------------------------------------------

The algorithm for .DS_Store using the SON algorithm used  10.0 seconds and   0.0 megabyte in sample size of     1 percent

----------------------------------------------------------------------


----------------------------------------------------------------------

The algorithm for .DS_Store using the simple, randomized algorithm used   9.7 seconds and  53.3 megabyte in sample size of     2 percent

----------------------------------------------------------------------

The algorithm for .DS_Store using the SON algorithm used  10.0 seconds and   0.0 megabyte in sample size of     2 percent

----------------------------------------------------------------------


----------------------------------------------------------------------

The algorithm for .DS_Store using the simple, randomized algorithm used   9.6 seconds and  53.3 megabyte in sample size of     5 percent

----------------------------------------------------------------------

The algorithm for .DS_Store using the SON algorithm used   9.9 seconds and   0.0 megabyte in sample size of     5 percent

----------------------------------------------------------------------


----------------------------------------------------------------------

The algorithm for .DS_Store using the simple, randomized algorithm used   9.7 seconds and  54.2 megabyte in sample size of    10 percent

----------------------------------------------------------------------

The algorithm for .DS_Store using the SON algorithm used  10.0 seconds and   0.0 megabyte in sample size of    10 percent

----------------------------------------------------------------------


----------------------------------------------------------------------

The algorithm for pumsb_star.dat.txt using the simple, randomized algorithm used  10.1 seconds and  54.2 megabyte in sample size of     1 percent

----------------------------------------------------------------------

The algorithm for pumsb_star.dat.txt using the SON algorithm used  10.5 seconds and   0.0 megabyte in sample size of     1 percent

----------------------------------------------------------------------


----------------------------------------------------------------------

The algorithm for pumsb_star.dat.txt using the simple, randomized algorithm used  10.5 seconds and  54.2 megabyte in sample size of     2 percent

----------------------------------------------------------------------

The algorithm for pumsb_star.dat.txt using the SON algorithm used  10.9 seconds and   4.0 megabyte in sample size of     2 percent

----------------------------------------------------------------------


----------------------------------------------------------------------

The algorithm for pumsb_star.dat.txt using the simple, randomized algorithm used  12.1 seconds and  61.8 megabyte in sample size of     5 percent

----------------------------------------------------------------------

The algorithm for pumsb_star.dat.txt using the SON algorithm used  12.8 seconds and   0.0 megabyte in sample size of     5 percent

----------------------------------------------------------------------


----------------------------------------------------------------------

The algorithm for pumsb_star.dat.txt using the simple, randomized algorithm used  15.5 seconds and  61.8 megabyte in sample size of    10 percent

----------------------------------------------------------------------

The algorithm for pumsb_star.dat.txt using the SON algorithm used  16.3 seconds and   0.0 megabyte in sample size of    10 percent

----------------------------------------------------------------------


----------------------------------------------------------------------

The algorithm for connect.dat.txt using the simple, randomized algorithm used  16.3 seconds and  61.8 megabyte in sample size of     1 percent

----------------------------------------------------------------------

The algorithm for connect.dat.txt using the SON algorithm used  17.1 seconds and   0.0 megabyte in sample size of     1 percent

----------------------------------------------------------------------


----------------------------------------------------------------------

The algorithm for connect.dat.txt using the simple, randomized algorithm used  16.3 seconds and  61.8 megabyte in sample size of     2 percent

----------------------------------------------------------------------

The algorithm for connect.dat.txt using the SON algorithm used  17.1 seconds and   4.5 megabyte in sample size of     2 percent

----------------------------------------------------------------------


----------------------------------------------------------------------

The algorithm for connect.dat.txt using the simple, randomized algorithm used  18.3 seconds and  66.3 megabyte in sample size of     5 percent

----------------------------------------------------------------------

The algorithm for connect.dat.txt using the SON algorithm used  19.5 seconds and   3.0 megabyte in sample size of     5 percent

----------------------------------------------------------------------


----------------------------------------------------------------------

The algorithm for connect.dat.txt using the simple, randomized algorithm used  22.5 seconds and  71.7 megabyte in sample size of    10 percent

----------------------------------------------------------------------

The algorithm for connect.dat.txt using the SON algorithm used  23.6 seconds and   7.1 megabyte in sample size of    10 percent

----------------------------------------------------------------------


----------------------------------------------------------------------

The algorithm for T40I10D100K.dat.txt using the simple, randomized algorithm used  23.3 seconds and  78.7 megabyte in sample size of     1 percent

----------------------------------------------------------------------

The algorithm for T40I10D100K.dat.txt using the SON algorithm used  24.4 seconds and   0.0 megabyte in sample size of     1 percent

----------------------------------------------------------------------


----------------------------------------------------------------------

The algorithm for T40I10D100K.dat.txt using the simple, randomized algorithm used  24.5 seconds and  78.7 megabyte in sample size of     2 percent

----------------------------------------------------------------------

The algorithm for T40I10D100K.dat.txt using the SON algorithm used  25.6 seconds and   7.2 megabyte in sample size of     2 percent

----------------------------------------------------------------------


----------------------------------------------------------------------

The algorithm for T40I10D100K.dat.txt using the simple, randomized algorithm used  27.5 seconds and  85.9 megabyte in sample size of     5 percent

----------------------------------------------------------------------

The algorithm for T40I10D100K.dat.txt using the SON algorithm used  28.8 seconds and   4.0 megabyte in sample size of     5 percent

----------------------------------------------------------------------


----------------------------------------------------------------------

The algorithm for T40I10D100K.dat.txt using the simple, randomized algorithm used  33.4 seconds and  90.0 megabyte in sample size of    10 percent

----------------------------------------------------------------------

The algorithm for T40I10D100K.dat.txt using the SON algorithm used  35.0 seconds and  13.6 megabyte in sample size of    10 percent

----------------------------------------------------------------------


----------------------------------------------------------------------

The algorithm for mushroom.dat.txt using the simple, randomized algorithm used  33.4 seconds and 103.5 megabyte in sample size of     1 percent

----------------------------------------------------------------------

The algorithm for mushroom.dat.txt using the SON algorithm used  35.0 seconds and   7.6 megabyte in sample size of     1 percent

----------------------------------------------------------------------


----------------------------------------------------------------------

The algorithm for mushroom.dat.txt using the simple, randomized algorithm used  33.6 seconds and 111.1 megabyte in sample size of     2 percent

----------------------------------------------------------------------

The algorithm for mushroom.dat.txt using the SON algorithm used  35.2 seconds and   0.0 megabyte in sample size of     2 percent

----------------------------------------------------------------------


----------------------------------------------------------------------

The algorithm for mushroom.dat.txt using the simple, randomized algorithm used  33.7 seconds and 111.1 megabyte in sample size of     5 percent

----------------------------------------------------------------------

The algorithm for mushroom.dat.txt using the SON algorithm used  35.3 seconds and   0.0 megabyte in sample size of     5 percent

----------------------------------------------------------------------


----------------------------------------------------------------------

The algorithm for mushroom.dat.txt using the simple, randomized algorithm used  34.3 seconds and 111.1 megabyte in sample size of    10 percent

----------------------------------------------------------------------

The algorithm for mushroom.dat.txt using the SON algorithm used  36.0 seconds and   5.6 megabyte in sample size of    10 percent

----------------------------------------------------------------------


----------------------------------------------------------------------

The algorithm for pumsb.dat.txt using the simple, randomized algorithm used  34.6 seconds and 116.8 megabyte in sample size of     1 percent

----------------------------------------------------------------------

The algorithm for pumsb.dat.txt using the SON algorithm used  36.2 seconds and   0.0 megabyte in sample size of     1 percent

----------------------------------------------------------------------


----------------------------------------------------------------------

The algorithm for pumsb.dat.txt using the simple, randomized algorithm used  35.8 seconds and 116.8 megabyte in sample size of     2 percent

----------------------------------------------------------------------

The algorithm for pumsb.dat.txt using the SON algorithm used  37.5 seconds and   0.0 megabyte in sample size of     2 percent

----------------------------------------------------------------------


----------------------------------------------------------------------

The algorithm for pumsb.dat.txt using the simple, randomized algorithm used  37.0 seconds and 116.8 megabyte in sample size of     5 percent

----------------------------------------------------------------------

The algorithm for pumsb.dat.txt using the SON algorithm used  38.9 seconds and   1.5 megabyte in sample size of     5 percent

----------------------------------------------------------------------


----------------------------------------------------------------------

The algorithm for pumsb.dat.txt using the simple, randomized algorithm used  39.8 seconds and 118.2 megabyte in sample size of    10 percent

----------------------------------------------------------------------

The algorithm for pumsb.dat.txt using the SON algorithm used  42.1 seconds and  12.3 megabyte in sample size of    10 percent

----------------------------------------------------------------------


----------------------------------------------------------------------

