2022-03-25 15:02:10,830 WARN org.apache.hadoop.util.NativeCodeLoader: Unable to load native-hadoop library for your platform... using builtin-java classes where applicable
2022-03-25 15:02:11,396 INFO org.apache.hadoop.conf.Configuration.deprecation: session.id is deprecated. Instead, use dfs.metrics.session-id
2022-03-25 15:02:11,404 INFO org.apache.hadoop.metrics.jvm.JvmMetrics: Initializing JVM Metrics with processName=JobTracker, sessionId=
2022-03-25 15:02:11,996 WARN org.apache.hadoop.mapreduce.JobResourceUploader: No job jar file set.  User classes may not be found. See Job or Job#setJar(String).
2022-03-25 15:02:12,015 INFO org.apache.hadoop.mapreduce.lib.input.FileInputFormat: Total input paths to process : 1
2022-03-25 15:02:12,069 INFO org.apache.hadoop.mapreduce.JobSubmitter: number of splits:1
2022-03-25 15:02:12,288 INFO org.apache.hadoop.mapreduce.JobSubmitter: Submitting tokens for job: job_local493336092_0001
2022-03-25 15:02:12,746 INFO org.apache.hadoop.mapreduce.Job: The url to track the job: http://localhost:8080/
2022-03-25 15:02:12,748 INFO org.apache.hadoop.mapreduce.Job: Running job: job_local493336092_0001
2022-03-25 15:02:12,752 INFO org.apache.hadoop.mapred.LocalJobRunner: OutputCommitter set in config null
2022-03-25 15:02:12,778 INFO org.apache.hadoop.mapreduce.lib.output.FileOutputCommitter: File Output Committer Algorithm version is 1
2022-03-25 15:02:12,781 INFO org.apache.hadoop.mapred.LocalJobRunner: OutputCommitter is org.apache.hadoop.mapreduce.lib.output.FileOutputCommitter
2022-03-25 15:02:12,930 INFO org.apache.hadoop.mapred.LocalJobRunner: Waiting for map tasks
2022-03-25 15:02:12,931 INFO org.apache.hadoop.mapred.LocalJobRunner: Starting task: attempt_local493336092_0001_m_000000_0
2022-03-25 15:02:13,003 INFO org.apache.hadoop.mapreduce.lib.output.FileOutputCommitter: File Output Committer Algorithm version is 1
2022-03-25 15:02:13,040 INFO org.apache.hadoop.mapred.Task:  Using ResourceCalculatorProcessTree : [ ]
2022-03-25 15:02:13,046 INFO org.apache.hadoop.mapred.MapTask: Processing split: file:/home/cloudera/workspace/WordCount/100-0.txt:0+5756698
2022-03-25 15:02:13,266 INFO org.apache.hadoop.mapred.MapTask: (EQUATOR) 0 kvi 26214396(104857584)
2022-03-25 15:02:13,268 INFO org.apache.hadoop.mapred.MapTask: mapreduce.task.io.sort.mb: 100
2022-03-25 15:02:13,268 INFO org.apache.hadoop.mapred.MapTask: soft limit at 83886080
2022-03-25 15:02:13,269 INFO org.apache.hadoop.mapred.MapTask: bufstart = 0; bufvoid = 104857600
2022-03-25 15:02:13,269 INFO org.apache.hadoop.mapred.MapTask: kvstart = 26214396; length = 6553600
2022-03-25 15:02:13,281 INFO org.apache.hadoop.mapred.MapTask: Map output collector class = org.apache.hadoop.mapred.MapTask$MapOutputBuffer
2022-03-25 15:02:13,289 INFO org.apache.hadoop.mapreduce.lib.input.LineRecordReader: Found UTF-8 BOM and skipped it
2022-03-25 15:02:13,754 INFO org.apache.hadoop.mapreduce.Job: Job job_local493336092_0001 running in uber mode : false
2022-03-25 15:02:13,777 INFO org.apache.hadoop.mapreduce.Job:  map 0% reduce 0%
2022-03-25 15:02:15,090 INFO org.apache.hadoop.mapred.LocalJobRunner: 
2022-03-25 15:02:15,091 INFO org.apache.hadoop.mapred.MapTask: Starting flush of map output
2022-03-25 15:02:15,091 INFO org.apache.hadoop.mapred.MapTask: Spilling map output
2022-03-25 15:02:15,091 INFO org.apache.hadoop.mapred.MapTask: bufstart = 0; bufend = 9582358; bufvoid = 104857600
2022-03-25 15:02:15,091 INFO org.apache.hadoop.mapred.MapTask: kvstart = 26214396(104857584); kvend = 22036780(88147120); length = 4177617/6553600
2022-03-25 15:02:16,688 INFO org.apache.hadoop.mapred.MapTask: Finished spill 0
2022-03-25 15:02:16,692 INFO org.apache.hadoop.mapred.Task: Task:attempt_local493336092_0001_m_000000_0 is done. And is in the process of committing
2022-03-25 15:02:16,701 INFO org.apache.hadoop.mapred.LocalJobRunner: map
2022-03-25 15:02:16,702 INFO org.apache.hadoop.mapred.Task: Task 'attempt_local493336092_0001_m_000000_0' done.
2022-03-25 15:02:16,702 INFO org.apache.hadoop.mapred.LocalJobRunner: Finishing task: attempt_local493336092_0001_m_000000_0
2022-03-25 15:02:16,702 INFO org.apache.hadoop.mapred.LocalJobRunner: map task executor complete.
2022-03-25 15:02:16,711 INFO org.apache.hadoop.mapred.LocalJobRunner: Waiting for reduce tasks
2022-03-25 15:02:16,711 INFO org.apache.hadoop.mapred.LocalJobRunner: Starting task: attempt_local493336092_0001_r_000000_0
2022-03-25 15:02:16,723 INFO org.apache.hadoop.mapreduce.lib.output.FileOutputCommitter: File Output Committer Algorithm version is 1
2022-03-25 15:02:16,723 INFO org.apache.hadoop.mapred.Task:  Using ResourceCalculatorProcessTree : [ ]
2022-03-25 15:02:16,726 INFO org.apache.hadoop.mapred.ReduceTask: Using ShuffleConsumerPlugin: org.apache.hadoop.mapreduce.task.reduce.Shuffle@c8925d7
2022-03-25 15:02:16,742 INFO org.apache.hadoop.mapreduce.task.reduce.MergeManagerImpl: MergerManager: memoryLimit=679778688, maxSingleShuffleLimit=169944672, mergeThreshold=448653952, ioSortFactor=10, memToMemMergeOutputsThreshold=10
2022-03-25 15:02:16,749 INFO org.apache.hadoop.mapreduce.task.reduce.EventFetcher: attempt_local493336092_0001_r_000000_0 Thread started: EventFetcher for fetching Map Completion Events
2022-03-25 15:02:16,782 INFO org.apache.hadoop.mapreduce.Job:  map 100% reduce 0%
2022-03-25 15:02:16,786 INFO org.apache.hadoop.mapreduce.task.reduce.LocalFetcher: localfetcher#1 about to shuffle output of map attempt_local493336092_0001_m_000000_0 decomp: 11671170 len: 11671174 to MEMORY
2022-03-25 15:02:16,832 INFO org.apache.hadoop.mapreduce.task.reduce.InMemoryMapOutput: Read 11671170 bytes from map-output for attempt_local493336092_0001_m_000000_0
2022-03-25 15:02:16,834 INFO org.apache.hadoop.mapreduce.task.reduce.MergeManagerImpl: closeInMemoryFile -> map-output of size: 11671170, inMemoryMapOutputs.size() -> 1, commitMemory -> 0, usedMemory ->11671170
2022-03-25 15:02:16,836 INFO org.apache.hadoop.mapreduce.task.reduce.EventFetcher: EventFetcher is interrupted.. Returning
2022-03-25 15:02:16,838 INFO org.apache.hadoop.mapred.LocalJobRunner: 1 / 1 copied.
2022-03-25 15:02:16,839 INFO org.apache.hadoop.mapreduce.task.reduce.MergeManagerImpl: finalMerge called with 1 in-memory map-outputs and 0 on-disk map-outputs
2022-03-25 15:02:16,856 INFO org.apache.hadoop.mapred.Merger: Merging 1 sorted segments
2022-03-25 15:02:16,857 INFO org.apache.hadoop.mapred.Merger: Down to the last merge-pass, with 1 segments left of total size: 11671167 bytes
2022-03-25 15:02:17,509 INFO org.apache.hadoop.mapreduce.task.reduce.MergeManagerImpl: Merged 1 segments, 11671170 bytes to disk to satisfy reduce memory limit
2022-03-25 15:02:17,510 INFO org.apache.hadoop.mapreduce.task.reduce.MergeManagerImpl: Merging 1 files, 11671174 bytes from disk
2022-03-25 15:02:17,511 INFO org.apache.hadoop.mapreduce.task.reduce.MergeManagerImpl: Merging 0 segments, 0 bytes from memory into reduce
2022-03-25 15:02:17,511 INFO org.apache.hadoop.mapred.Merger: Merging 1 sorted segments
2022-03-25 15:02:17,512 INFO org.apache.hadoop.mapred.Merger: Down to the last merge-pass, with 1 segments left of total size: 11671167 bytes
2022-03-25 15:02:17,512 INFO org.apache.hadoop.mapred.LocalJobRunner: 1 / 1 copied.
2022-03-25 15:02:17,521 INFO org.apache.hadoop.conf.Configuration.deprecation: mapred.skip.on is deprecated. Instead, use mapreduce.job.skiprecords
2022-03-25 15:02:18,494 INFO org.apache.hadoop.mapred.Task: Task:attempt_local493336092_0001_r_000000_0 is done. And is in the process of committing
2022-03-25 15:02:18,496 INFO org.apache.hadoop.mapred.LocalJobRunner: 1 / 1 copied.
2022-03-25 15:02:18,496 INFO org.apache.hadoop.mapred.Task: Task attempt_local493336092_0001_r_000000_0 is allowed to commit now
2022-03-25 15:02:18,497 INFO org.apache.hadoop.mapreduce.lib.output.FileOutputCommitter: Saved output of task 'attempt_local493336092_0001_r_000000_0' to file:/home/cloudera/workspace/WordCount/output_for_standalone/_temporary/0/task_local493336092_0001_r_000000
2022-03-25 15:02:18,498 INFO org.apache.hadoop.mapred.LocalJobRunner: reduce > reduce
2022-03-25 15:02:18,499 INFO org.apache.hadoop.mapred.Task: Task 'attempt_local493336092_0001_r_000000_0' done.
2022-03-25 15:02:18,499 INFO org.apache.hadoop.mapred.LocalJobRunner: Finishing task: attempt_local493336092_0001_r_000000_0
2022-03-25 15:02:18,499 INFO org.apache.hadoop.mapred.LocalJobRunner: reduce task executor complete.
2022-03-25 15:02:18,783 INFO org.apache.hadoop.mapreduce.Job:  map 100% reduce 100%
2022-03-25 15:02:18,784 INFO org.apache.hadoop.mapreduce.Job: Job job_local493336092_0001 completed successfully
2022-03-25 15:02:18,796 INFO org.apache.hadoop.mapreduce.Job: Counters: 33
	File System Counters
		FILE: Number of bytes read=34856118
		FILE: Number of bytes written=36376028
		FILE: Number of read operations=0
		FILE: Number of large read operations=0
		FILE: Number of write operations=0
	Map-Reduce Framework
		Map input records=170592
		Map output records=1044405
		Map output bytes=9582358
		Map output materialized bytes=11671174
		Input split bytes=114
		Combine input records=0
		Combine output records=0
		Reduce input groups=76493
		Reduce shuffle bytes=11671174
		Reduce input records=1044405
		Reduce output records=76493
		Spilled Records=2088810
		Shuffled Maps =1
		Failed Shuffles=0
		Merged Map outputs=1
		GC time elapsed (ms)=73
		CPU time spent (ms)=0
		Physical memory (bytes) snapshot=0
		Virtual memory (bytes) snapshot=0
		Total committed heap usage (bytes)=331227136
	Shuffle Errors
		BAD_ID=0
		CONNECTION=0
		IO_ERROR=0
		WRONG_LENGTH=0
		WRONG_MAP=0
		WRONG_REDUCE=0
	File Input Format Counters 
		Bytes Read=5756698
	File Output Format Counters 
		Bytes Written=835332
2022-03-25 16:06:27,845 WARN org.apache.hadoop.util.NativeCodeLoader: Unable to load native-hadoop library for your platform... using builtin-java classes where applicable
2022-03-25 16:06:28,490 INFO org.apache.hadoop.conf.Configuration.deprecation: session.id is deprecated. Instead, use dfs.metrics.session-id
2022-03-25 16:06:28,491 INFO org.apache.hadoop.metrics.jvm.JvmMetrics: Initializing JVM Metrics with processName=JobTracker, sessionId=
2022-03-25 16:06:28,575 WARN org.apache.hadoop.security.UserGroupInformation: PriviledgedActionException as:cloudera (auth:SIMPLE) cause:org.apache.hadoop.mapred.FileAlreadyExistsException: Output directory file:/home/cloudera/workspace/WordCount/output_for_standalone already exists
2022-03-25 16:57:57,960 WARN org.apache.hadoop.util.NativeCodeLoader: Unable to load native-hadoop library for your platform... using builtin-java classes where applicable
2022-03-25 16:57:58,505 INFO org.apache.hadoop.conf.Configuration.deprecation: session.id is deprecated. Instead, use dfs.metrics.session-id
2022-03-25 16:57:58,510 INFO org.apache.hadoop.metrics.jvm.JvmMetrics: Initializing JVM Metrics with processName=JobTracker, sessionId=
2022-03-25 16:57:58,573 WARN org.apache.hadoop.security.UserGroupInformation: PriviledgedActionException as:cloudera (auth:SIMPLE) cause:org.apache.hadoop.mapred.FileAlreadyExistsException: Output directory file:/home/cloudera/workspace/WordCount/output_for_standalone already exists
